Using pre-set license
Built from '2020.2/release' branch; Version is '2020.2.2f1 (068178b99f32) revision 426360'; Using compiler version '192528614'; Build Type 'Release'
OS: 'Windows 10 Education; OS build 19042.746; Version 2009; 64bit' Language: 'ko' Physical Memory: 16307 MB
BatchMode: 1, IsHumanControllingUs: 0, StartBugReporterOnCrash: 0, Is64bit: 1, IsPro: 0

 COMMAND LINE ARGUMENTS:
C:\Program Files\Unity\Hub\Editor\2020.2.2f1\Editor\Unity.exe
-adb2
-batchMode
-noUpm
-name
AssetImportWorker0
-projectPath
C:/Users/YUHAN/Desktop/unity xogh/Dudagi
-logFile
Logs/AssetImportWorker0.log
-srvPort
53243
Successfully changed project path to: C:/Users/YUHAN/Desktop/unity xogh/Dudagi
C:/Users/YUHAN/Desktop/unity xogh/Dudagi
Using Asset Import Pipeline V2.
Refreshing native plugins compatible for Editor in 20.25 ms, found 0 plugins.
Preloading 0 native plugins for Editor in 0.00 ms.
Initialize engine version: 2020.2.2f1 (068178b99f32)
[Subsystems] Discovering subsystems at path C:/Program Files/Unity/Hub/Editor/2020.2.2f1/Editor/Data/Resources/UnitySubsystems
[Subsystems] Discovering subsystems at path C:/Users/YUHAN/Desktop/unity xogh/Dudagi/Assets
GfxDevice: creating device client; threaded=0
Direct3D:
    Version:  Direct3D 11.0 [level 11.1]
    Renderer: NVIDIA GeForce GTX 1050 (ID=0x1c81)
    Vendor:   
    VRAM:     1977 MB
    Driver:   27.21.14.6109
Initialize mono
Mono path[0] = 'C:/Program Files/Unity/Hub/Editor/2020.2.2f1/Editor/Data/Managed'
Mono path[1] = 'C:/Program Files/Unity/Hub/Editor/2020.2.2f1/Editor/Data/MonoBleedingEdge/lib/mono/unityjit'
Mono config path = 'C:/Program Files/Unity/Hub/Editor/2020.2.2f1/Editor/Data/MonoBleedingEdge/etc'
Using monoOptions --debugger-agent=transport=dt_socket,embedding=1,server=y,suspend=n,address=127.0.0.1:56448
Begin MonoManager ReloadAssembly
Registering precompiled unity dll's ...
Register platform support module: C:/Program Files/Unity/Hub/Editor/2020.2.2f1/Editor/Data/PlaybackEngines/WindowsStandaloneSupport/UnityEditor.WindowsStandalone.Extensions.dll
Registered in 0.003658 seconds.
Native extension for WindowsStandalone target not found
Refreshing native plugins compatible for Editor in 19.80 ms, found 0 plugins.
Preloading 0 native plugins for Editor in 0.00 ms.
Invoked RoslynAnalysisRunner static constructor.
RoslynAnalysisRunner will not be running.
RoslynAnalysisRunner has terminated.
Mono: successfully reloaded assembly
- Completed reload, in  0.920 seconds
Platform modules already initialized, skipping
Registering precompiled user dll's ...
Registered in 0.000850 seconds.
Begin MonoManager ReloadAssembly
Native extension for WindowsStandalone target not found
Refreshing native plugins compatible for Editor in 0.17 ms, found 0 plugins.
Preloading 0 native plugins for Editor in 0.00 ms.
Invoked RoslynAnalysisRunner static constructor.
RoslynAnalysisRunner will not be running.
RoslynAnalysisRunner has terminated.
Mono: successfully reloaded assembly
- Completed reload, in  0.726 seconds
Platform modules already initialized, skipping
========================================================================
Worker process is ready to serve import requests
Launched and connected shader compiler UnityShaderCompiler.exe after 0.04 seconds
Refreshing native plugins compatible for Editor in 0.18 ms, found 0 plugins.
Preloading 0 native plugins for Editor in 0.00 ms.
Unloading 1100 Unused Serialized files (Serialized files now loaded: 0)
System memory in use before: 56.6 MB.
System memory in use after: 56.6 MB.

Unloading 10 unused Assets to reduce memory usage. Loaded Objects now: 1541.
Total: 1.668800 ms (FindLiveObjects: 0.130100 ms CreateObjectMapping: 0.036200 ms MarkObjects: 1.434600 ms  DeleteObjects: 0.066800 ms)

========================================================================
Received Import Request.
  path: Assets/Animation/B_Open.anim
  artifactKey: Guid(a3a2e5409afeb91498966b76b62799b7) Importer(815301076,1909f56bfc062723c751e8b465ee728b)
Start importing Assets/Animation/B_Open.anim using Guid(a3a2e5409afeb91498966b76b62799b7) Importer(815301076,1909f56bfc062723c751e8b465ee728b)  -> (artifact id: '20990ba8351feaf805e9ad38ae2400fb') in 0.035772 seconds
  Import took 0.038890 seconds .

========================================================================
Received Import Request.
  Time since last request: 0.000344 seconds.
  path: Assets/Animation/B_Idle.anim
  artifactKey: Guid(f08bf7c7abaf3f446a52815cedc28851) Importer(815301076,1909f56bfc062723c751e8b465ee728b)
Start importing Assets/Animation/B_Idle.anim using Guid(f08bf7c7abaf3f446a52815cedc28851) Importer(815301076,1909f56bfc062723c751e8b465ee728b)  -> (artifact id: 'f98049d7cbbd5d122b7f64cd34bae41e') in 0.002339 seconds
  Import took 0.003509 seconds .

========================================================================
Received Import Request.
  Time since last request: 0.000239 seconds.
  path: Assets/Animation/B_hit.anim
  artifactKey: Guid(6bf1336eb7d4bfc4582a0c0cb0231d14) Importer(815301076,1909f56bfc062723c751e8b465ee728b)
Start importing Assets/Animation/B_hit.anim using Guid(6bf1336eb7d4bfc4582a0c0cb0231d14) Importer(815301076,1909f56bfc062723c751e8b465ee728b)  -> (artifact id: 'bce9a4dfc6be0790f41a74c459ab0d89') in 0.002221 seconds
  Import took 0.003604 seconds .

========================================================================
Received Import Request.
  Time since last request: 41.138358 seconds.
  path: Assets/Animation/B_close.anim
  artifactKey: Guid(d86dd141fb9bb5748810b0c45a70340b) Importer(815301076,1909f56bfc062723c751e8b465ee728b)
Start importing Assets/Animation/B_close.anim using Guid(d86dd141fb9bb5748810b0c45a70340b) Importer(815301076,1909f56bfc062723c751e8b465ee728b)  -> (artifact id: 'ccec43b750feda0650f190ba2b5aacb9') in 0.002569 seconds
  Import took 0.004326 seconds .

========================================================================
Received Import Request.
  Time since last request: 11.067260 seconds.
  path: Assets/Animation/A_Hit.anim
  artifactKey: Guid(bd220fb8146ab664994e299660747172) Importer(815301076,1909f56bfc062723c751e8b465ee728b)
Start importing Assets/Animation/A_Hit.anim using Guid(bd220fb8146ab664994e299660747172) Importer(815301076,1909f56bfc062723c751e8b465ee728b)  -> (artifact id: '93fc138a311bb843cda35c7aa0b1b0c7') in 0.002622 seconds
  Import took 0.005593 seconds .

========================================================================
Received Import Request.
  Time since last request: 135.134669 seconds.
  path: Assets/Animation/Hole.controller
  artifactKey: Guid(b67a8cfa71e34ff4ea3f60d0751b3cc7) Importer(815301076,1909f56bfc062723c751e8b465ee728b)
Start importing Assets/Animation/Hole.controller using Guid(b67a8cfa71e34ff4ea3f60d0751b3cc7) Importer(815301076,1909f56bfc062723c751e8b465ee728b)  -> (artifact id: 'c99a90ba4336943dd433338f394f1a51') in 0.008364 seconds
  Import took 0.013690 seconds .

========================================================================
Received Import Request.
  Time since last request: 862.030614 seconds.
  path: Assets/Animation/Hole 1.controller
  artifactKey: Guid(b6e730ee8ef051d498f0c46b39497a06) Importer(815301076,1909f56bfc062723c751e8b465ee728b)
Start importing Assets/Animation/Hole 1.controller using Guid(b6e730ee8ef051d498f0c46b39497a06) Importer(815301076,1909f56bfc062723c751e8b465ee728b)  -> (artifact id: '9cd8eab3f18dede6f42abe5998b298e5') in 0.002629 seconds
  Import took 0.004071 seconds .

========================================================================
Received Prepare
Registering precompiled user dll's ...
Registered in 0.000864 seconds.
Begin MonoManager ReloadAssembly
Native extension for WindowsStandalone target not found
Refreshing native plugins compatible for Editor in 0.20 ms, found 0 plugins.
Preloading 0 native plugins for Editor in 0.00 ms.
Invoked RoslynAnalysisRunner static constructor.
RoslynAnalysisRunner will not be running.
RoslynAnalysisRunner has terminated.
Mono: successfully reloaded assembly
- Completed reload, in  0.690 seconds
Platform modules already initialized, skipping
Refreshing native plugins compatible for Editor in 0.20 ms, found 0 plugins.
Preloading 0 native plugins for Editor in 0.00 ms.
Unloading 1095 Unused Serialized files (Serialized files now loaded: 0)
System memory in use before: 56.6 MB.
System memory in use after: 56.7 MB.

Unloading 5 unused Assets to reduce memory usage. Loaded Objects now: 1543.
Total: 1.358900 ms (FindLiveObjects: 0.132200 ms CreateObjectMapping: 0.025800 ms MarkObjects: 1.144600 ms  DeleteObjects: 0.055700 ms)

========================================================================
Received Prepare
Registering precompiled user dll's ...
Registered in 0.000798 seconds.
Begin MonoManager ReloadAssembly
Native extension for WindowsStandalone target not found
Refreshing native plugins compatible for Editor in 0.19 ms, found 0 plugins.
Preloading 0 native plugins for Editor in 0.00 ms.
Invoked RoslynAnalysisRunner static constructor.
RoslynAnalysisRunner will not be running.
RoslynAnalysisRunner has terminated.
Mono: successfully reloaded assembly
- Completed reload, in  0.706 seconds
Platform modules already initialized, skipping
Refreshing native plugins compatible for Editor in 0.19 ms, found 0 plugins.
Preloading 0 native plugins for Editor in 0.00 ms.
Unloading 1095 Unused Serialized files (Serialized files now loaded: 0)
System memory in use before: 56.7 MB.
System memory in use after: 56.8 MB.

Unloading 5 unused Assets to reduce memory usage. Loaded Objects now: 1545.
Total: 1.408300 ms (FindLiveObjects: 0.149500 ms CreateObjectMapping: 0.035200 ms MarkObjects: 1.168600 ms  DeleteObjects: 0.054300 ms)

========================================================================
Received Prepare
Registering precompiled user dll's ...
Registered in 0.001169 seconds.
Begin MonoManager ReloadAssembly
Native extension for WindowsStandalone target not found
Refreshing native plugins compatible for Editor in 0.20 ms, found 0 plugins.
Preloading 0 native plugins for Editor in 0.00 ms.
Invoked RoslynAnalysisRunner static constructor.
RoslynAnalysisRunner will not be running.
RoslynAnalysisRunner has terminated.
Mono: successfully reloaded assembly
- Completed reload, in  0.713 seconds
Platform modules already initialized, skipping
Refreshing native plugins compatible for Editor in 0.18 ms, found 0 plugins.
Preloading 0 native plugins for Editor in 0.00 ms.
Unloading 1095 Unused Serialized files (Serialized files now loaded: 0)
System memory in use before: 56.8 MB.
System memory in use after: 56.9 MB.

Unloading 5 unused Assets to reduce memory usage. Loaded Objects now: 1547.
Total: 1.360900 ms (FindLiveObjects: 0.124300 ms CreateObjectMapping: 0.035600 ms MarkObjects: 1.158000 ms  DeleteObjects: 0.042100 ms)

========================================================================
Received Prepare
Registering precompiled user dll's ...
Registered in 0.000805 seconds.
Begin MonoManager ReloadAssembly
Native extension for WindowsStandalone target not found
Refreshing native plugins compatible for Editor in 0.18 ms, found 0 plugins.
Preloading 0 native plugins for Editor in 0.00 ms.
Invoked RoslynAnalysisRunner static constructor.
RoslynAnalysisRunner will not be running.
RoslynAnalysisRunner has terminated.
Mono: successfully reloaded assembly
- Completed reload, in  0.679 seconds
Platform modules already initialized, skipping
Refreshing native plugins compatible for Editor in 0.17 ms, found 0 plugins.
Preloading 0 native plugins for Editor in 0.00 ms.
Unloading 1095 Unused Serialized files (Serialized files now loaded: 0)
System memory in use before: 56.9 MB.
System memory in use after: 57.0 MB.

Unloading 5 unused Assets to reduce memory usage. Loaded Objects now: 1549.
Total: 1.774400 ms (FindLiveObjects: 0.149300 ms CreateObjectMapping: 0.038600 ms MarkObjects: 1.497800 ms  DeleteObjects: 0.087900 ms)

========================================================================
Received Prepare
Registering precompiled user dll's ...
Registered in 0.000824 seconds.
Begin MonoManager ReloadAssembly
Native extension for WindowsStandalone target not found
Refreshing native plugins compatible for Editor in 0.18 ms, found 0 plugins.
Preloading 0 native plugins for Editor in 0.00 ms.
Invoked RoslynAnalysisRunner static constructor.
RoslynAnalysisRunner will not be running.
RoslynAnalysisRunner has terminated.
Mono: successfully reloaded assembly
- Completed reload, in  0.682 seconds
Platform modules already initialized, skipping
Refreshing native plugins compatible for Editor in 0.16 ms, found 0 plugins.
Preloading 0 native plugins for Editor in 0.00 ms.
Unloading 1095 Unused Serialized files (Serialized files now loaded: 0)
System memory in use before: 57.0 MB.
System memory in use after: 57.1 MB.

Unloading 5 unused Assets to reduce memory usage. Loaded Objects now: 1551.
Total: 1.594600 ms (FindLiveObjects: 0.146000 ms CreateObjectMapping: 0.041300 ms MarkObjects: 1.366900 ms  DeleteObjects: 0.039900 ms)

========================================================================
Received Prepare
Registering precompiled user dll's ...
Registered in 0.001216 seconds.
Begin MonoManager ReloadAssembly
Native extension for WindowsStandalone target not found
Refreshing native plugins compatible for Editor in 0.18 ms, found 0 plugins.
Preloading 0 native plugins for Editor in 0.00 ms.
Invoked RoslynAnalysisRunner static constructor.
RoslynAnalysisRunner will not be running.
RoslynAnalysisRunner has terminated.
Mono: successfully reloaded assembly
- Completed reload, in  0.705 seconds
Platform modules already initialized, skipping
Refreshing native plugins compatible for Editor in 0.18 ms, found 0 plugins.
Preloading 0 native plugins for Editor in 0.00 ms.
Unloading 1095 Unused Serialized files (Serialized files now loaded: 0)
System memory in use before: 57.2 MB.
System memory in use after: 57.2 MB.

Unloading 5 unused Assets to reduce memory usage. Loaded Objects now: 1553.
Total: 1.561800 ms (FindLiveObjects: 0.148300 ms CreateObjectMapping: 0.028100 ms MarkObjects: 1.346300 ms  DeleteObjects: 0.038400 ms)

========================================================================
Received Import Request.
  Time since last request: 3497.390991 seconds.
  path: Assets/Hole.prefab
  artifactKey: Guid(167c2cca5f8ac3045b7b70e3966a1c09) Importer(815301076,1909f56bfc062723c751e8b465ee728b)
Start importing Assets/Hole.prefab using Guid(167c2cca5f8ac3045b7b70e3966a1c09) Importer(815301076,1909f56bfc062723c751e8b465ee728b)  -> (artifact id: '06ae6a6dae098bb583a32fbf4cadf19f') in 0.083459 seconds
  Import took 0.085789 seconds .

AssetImportWorkerClient::OnTransportError - code=2 error=End of file
