Using pre-set license
Built from '2020.2/release' branch; Version is '2020.2.2f1 (068178b99f32) revision 426360'; Using compiler version '192528614'; Build Type 'Release'
OS: 'Windows 10 Education; OS build 19042.746; Version 2009; 64bit' Language: 'ko' Physical Memory: 16307 MB
BatchMode: 1, IsHumanControllingUs: 0, StartBugReporterOnCrash: 0, Is64bit: 1, IsPro: 0

 COMMAND LINE ARGUMENTS:
C:\Program Files\Unity\Hub\Editor\2020.2.2f1\Editor\Unity.exe
-adb2
-batchMode
-noUpm
-name
AssetImportWorker0
-projectPath
C:/Users/YUHAN/Desktop/unity xogh/Dudagi
-logFile
Logs/AssetImportWorker0.log
-srvPort
50188
Successfully changed project path to: C:/Users/YUHAN/Desktop/unity xogh/Dudagi
C:/Users/YUHAN/Desktop/unity xogh/Dudagi
Using Asset Import Pipeline V2.
Refreshing native plugins compatible for Editor in 20.61 ms, found 0 plugins.
Preloading 0 native plugins for Editor in 0.00 ms.
Initialize engine version: 2020.2.2f1 (068178b99f32)
[Subsystems] Discovering subsystems at path C:/Program Files/Unity/Hub/Editor/2020.2.2f1/Editor/Data/Resources/UnitySubsystems
[Subsystems] Discovering subsystems at path C:/Users/YUHAN/Desktop/unity xogh/Dudagi/Assets
GfxDevice: creating device client; threaded=0
Direct3D:
    Version:  Direct3D 11.0 [level 11.1]
    Renderer: NVIDIA GeForce GTX 1050 (ID=0x1c81)
    Vendor:   
    VRAM:     1977 MB
    Driver:   27.21.14.6109
Initialize mono
Mono path[0] = 'C:/Program Files/Unity/Hub/Editor/2020.2.2f1/Editor/Data/Managed'
Mono path[1] = 'C:/Program Files/Unity/Hub/Editor/2020.2.2f1/Editor/Data/MonoBleedingEdge/lib/mono/unityjit'
Mono config path = 'C:/Program Files/Unity/Hub/Editor/2020.2.2f1/Editor/Data/MonoBleedingEdge/etc'
Using monoOptions --debugger-agent=transport=dt_socket,embedding=1,server=y,suspend=n,address=127.0.0.1:56988
Begin MonoManager ReloadAssembly
Registering precompiled unity dll's ...
Register platform support module: C:/Program Files/Unity/Hub/Editor/2020.2.2f1/Editor/Data/PlaybackEngines/WindowsStandaloneSupport/UnityEditor.WindowsStandalone.Extensions.dll
Registered in 0.003727 seconds.
Native extension for WindowsStandalone target not found
Refreshing native plugins compatible for Editor in 19.76 ms, found 0 plugins.
Preloading 0 native plugins for Editor in 0.00 ms.
Invoked RoslynAnalysisRunner static constructor.
RoslynAnalysisRunner will not be running.
RoslynAnalysisRunner has terminated.
Mono: successfully reloaded assembly
- Completed reload, in  0.941 seconds
Platform modules already initialized, skipping
Registering precompiled user dll's ...
Registered in 0.000882 seconds.
Begin MonoManager ReloadAssembly
Native extension for WindowsStandalone target not found
Refreshing native plugins compatible for Editor in 0.18 ms, found 0 plugins.
Preloading 0 native plugins for Editor in 0.00 ms.
Invoked RoslynAnalysisRunner static constructor.
RoslynAnalysisRunner will not be running.
RoslynAnalysisRunner has terminated.
Mono: successfully reloaded assembly
- Completed reload, in  0.728 seconds
Platform modules already initialized, skipping
========================================================================
Worker process is ready to serve import requests
Launched and connected shader compiler UnityShaderCompiler.exe after 0.04 seconds
Refreshing native plugins compatible for Editor in 0.19 ms, found 0 plugins.
Preloading 0 native plugins for Editor in 0.00 ms.
Unloading 1101 Unused Serialized files (Serialized files now loaded: 0)
System memory in use before: 56.6 MB.
System memory in use after: 56.6 MB.

Unloading 10 unused Assets to reduce memory usage. Loaded Objects now: 1542.
Total: 1.651800 ms (FindLiveObjects: 0.107900 ms CreateObjectMapping: 0.029100 ms MarkObjects: 1.451900 ms  DeleteObjects: 0.061700 ms)

========================================================================
Received Import Request.
  path: Assets/Scenes/Hole.cs
  artifactKey: Guid(e37397233c0d1e543a9e033974fde264) Importer(815301076,1909f56bfc062723c751e8b465ee728b)
Start importing Assets/Scenes/Hole.cs using Guid(e37397233c0d1e543a9e033974fde264) Importer(815301076,1909f56bfc062723c751e8b465ee728b)  -> (artifact id: '61999438271a0c378f9567fe31c26f75') in 0.030013 seconds
  Import took 0.031448 seconds .

========================================================================
Received Import Request.
  Time since last request: 0.000299 seconds.
  path: Assets/Scenes/MainScene.unity
  artifactKey: Guid(9fc0d4010bbf28b4594072e72b8655ab) Importer(815301076,1909f56bfc062723c751e8b465ee728b)
Start importing Assets/Scenes/MainScene.unity using Guid(9fc0d4010bbf28b4594072e72b8655ab) Importer(815301076,1909f56bfc062723c751e8b465ee728b)  -> (artifact id: 'cbe9a7b239373cfa0a39f0b939c09b68') in 0.007253 seconds
  Import took 0.008666 seconds .

========================================================================
Received Import Request.
  Time since last request: 1.627696 seconds.
  path: Assets/GameManager.cs
  artifactKey: Guid(477fa6a14111e9347838621647a30922) Importer(815301076,1909f56bfc062723c751e8b465ee728b)
Start importing Assets/GameManager.cs using Guid(477fa6a14111e9347838621647a30922) Importer(815301076,1909f56bfc062723c751e8b465ee728b)  -> (artifact id: '1132e1625fddd0e17f8002c1b8f274fc') in 0.002333 seconds
  Import took 0.003956 seconds .

========================================================================
Received Prepare
Registering precompiled user dll's ...
Registered in 0.000865 seconds.
Begin MonoManager ReloadAssembly
Native extension for WindowsStandalone target not found
Refreshing native plugins compatible for Editor in 0.18 ms, found 0 plugins.
Preloading 0 native plugins for Editor in 0.00 ms.
Invoked RoslynAnalysisRunner static constructor.
RoslynAnalysisRunner will not be running.
RoslynAnalysisRunner has terminated.
Mono: successfully reloaded assembly
- Completed reload, in  0.678 seconds
Platform modules already initialized, skipping
Refreshing native plugins compatible for Editor in 0.18 ms, found 0 plugins.
Preloading 0 native plugins for Editor in 0.00 ms.
Unloading 1096 Unused Serialized files (Serialized files now loaded: 0)
System memory in use before: 56.7 MB.
System memory in use after: 56.8 MB.

Unloading 5 unused Assets to reduce memory usage. Loaded Objects now: 1544.
Total: 1.457800 ms (FindLiveObjects: 0.126500 ms CreateObjectMapping: 0.026700 ms MarkObjects: 1.259700 ms  DeleteObjects: 0.043600 ms)

========================================================================
Received Prepare
Registering precompiled user dll's ...
Registered in 0.000799 seconds.
Begin MonoManager ReloadAssembly
Native extension for WindowsStandalone target not found
Refreshing native plugins compatible for Editor in 0.18 ms, found 0 plugins.
Preloading 0 native plugins for Editor in 0.00 ms.
Invoked RoslynAnalysisRunner static constructor.
RoslynAnalysisRunner will not be running.
RoslynAnalysisRunner has terminated.
Mono: successfully reloaded assembly
- Completed reload, in  0.678 seconds
Platform modules already initialized, skipping
Refreshing native plugins compatible for Editor in 0.18 ms, found 0 plugins.
Preloading 0 native plugins for Editor in 0.00 ms.
Unloading 1096 Unused Serialized files (Serialized files now loaded: 0)
System memory in use before: 56.8 MB.
System memory in use after: 56.9 MB.

Unloading 5 unused Assets to reduce memory usage. Loaded Objects now: 1546.
Total: 1.466600 ms (FindLiveObjects: 0.131700 ms CreateObjectMapping: 0.035200 ms MarkObjects: 1.252500 ms  DeleteObjects: 0.046000 ms)

========================================================================
Received Prepare
Registering precompiled user dll's ...
Registered in 0.000803 seconds.
Begin MonoManager ReloadAssembly
Native extension for WindowsStandalone target not found
Refreshing native plugins compatible for Editor in 0.18 ms, found 0 plugins.
Preloading 0 native plugins for Editor in 0.00 ms.
Invoked RoslynAnalysisRunner static constructor.
RoslynAnalysisRunner will not be running.
RoslynAnalysisRunner has terminated.
Mono: successfully reloaded assembly
- Completed reload, in  0.660 seconds
Platform modules already initialized, skipping
Refreshing native plugins compatible for Editor in 0.19 ms, found 0 plugins.
Preloading 0 native plugins for Editor in 0.00 ms.
Unloading 1096 Unused Serialized files (Serialized files now loaded: 0)
System memory in use before: 56.9 MB.
System memory in use after: 57.0 MB.

Unloading 5 unused Assets to reduce memory usage. Loaded Objects now: 1548.
Total: 1.737300 ms (FindLiveObjects: 0.111800 ms CreateObjectMapping: 0.030200 ms MarkObjects: 1.553300 ms  DeleteObjects: 0.041000 ms)

========================================================================
Received Prepare
Registering precompiled user dll's ...
Registered in 0.000819 seconds.
Begin MonoManager ReloadAssembly
Native extension for WindowsStandalone target not found
Refreshing native plugins compatible for Editor in 0.17 ms, found 0 plugins.
Preloading 0 native plugins for Editor in 0.00 ms.
Invoked RoslynAnalysisRunner static constructor.
RoslynAnalysisRunner will not be running.
RoslynAnalysisRunner has terminated.
Mono: successfully reloaded assembly
- Completed reload, in  0.663 seconds
Platform modules already initialized, skipping
Refreshing native plugins compatible for Editor in 0.18 ms, found 0 plugins.
Preloading 0 native plugins for Editor in 0.00 ms.
Unloading 1096 Unused Serialized files (Serialized files now loaded: 0)
System memory in use before: 57.0 MB.
System memory in use after: 57.1 MB.

Unloading 5 unused Assets to reduce memory usage. Loaded Objects now: 1550.
Total: 1.489000 ms (FindLiveObjects: 0.200700 ms CreateObjectMapping: 0.040600 ms MarkObjects: 1.202600 ms  DeleteObjects: 0.044100 ms)

========================================================================
Received Import Request.
  Time since last request: 2147.739785 seconds.
  path: Assets/Textures/ui/gameover_menu_f.png
  artifactKey: Guid(833acb234e07a4fff98ff311bc80f389) Importer(815301076,1909f56bfc062723c751e8b465ee728b)
Start importing Assets/Textures/ui/gameover_menu_f.png using Guid(833acb234e07a4fff98ff311bc80f389) Importer(815301076,1909f56bfc062723c751e8b465ee728b)  -> (artifact id: '0e882da934b1ae258d910c2150cf61e6') in 0.075045 seconds
  Import took 0.076788 seconds .

========================================================================
Received Import Request.
  Time since last request: 0.450883 seconds.
  path: Assets/Textures/ui/gameover_menu_n.png
  artifactKey: Guid(a624ef47578a646df8cb0296a983cc6e) Importer(815301076,1909f56bfc062723c751e8b465ee728b)
Start importing Assets/Textures/ui/gameover_menu_n.png using Guid(a624ef47578a646df8cb0296a983cc6e) Importer(815301076,1909f56bfc062723c751e8b465ee728b)  -> (artifact id: 'e0f417886908ea2abd2acbdbd8ae238d') in 0.008626 seconds
  Import took 0.010198 seconds .

========================================================================
Received Import Request.
  Time since last request: 0.412423 seconds.
  path: Assets/Textures/ui/pause_continue_f.png
  artifactKey: Guid(bb33273064076457a9b4d44567c05239) Importer(815301076,1909f56bfc062723c751e8b465ee728b)
Start importing Assets/Textures/ui/pause_continue_f.png using Guid(bb33273064076457a9b4d44567c05239) Importer(815301076,1909f56bfc062723c751e8b465ee728b)  -> (artifact id: '9fb1e13f1726850a757772eb2c43fffb') in 0.011474 seconds
  Import took 0.013200 seconds .

========================================================================
Received Import Request.
  Time since last request: 0.657035 seconds.
  path: Assets/Textures/ui/pause_replay_f.png
  artifactKey: Guid(08cf33067f77f43ae8f36c692ef56128) Importer(815301076,1909f56bfc062723c751e8b465ee728b)
Start importing Assets/Textures/ui/pause_replay_f.png using Guid(08cf33067f77f43ae8f36c692ef56128) Importer(815301076,1909f56bfc062723c751e8b465ee728b)  -> (artifact id: '822bfde5f1edefeeb3b0830c0e61a046') in 0.008248 seconds
  Import took 0.009816 seconds .

========================================================================
Received Import Request.
  Time since last request: 0.440062 seconds.
  path: Assets/Textures/ui/pause_stop_f.png
  artifactKey: Guid(9cebec6548e314728a49b5b30ff71f35) Importer(815301076,1909f56bfc062723c751e8b465ee728b)
Start importing Assets/Textures/ui/pause_stop_f.png using Guid(9cebec6548e314728a49b5b30ff71f35) Importer(815301076,1909f56bfc062723c751e8b465ee728b)  -> (artifact id: '29398433570db518f96dd48595494143') in 0.007870 seconds
  Import took 0.009504 seconds .

========================================================================
Received Import Request.
  Time since last request: 1.270244 seconds.
  path: Assets/Textures/ui/pause_replay_n.png
  artifactKey: Guid(bac7183c9908c4ac38682d024922d940) Importer(815301076,1909f56bfc062723c751e8b465ee728b)
Start importing Assets/Textures/ui/pause_replay_n.png using Guid(bac7183c9908c4ac38682d024922d940) Importer(815301076,1909f56bfc062723c751e8b465ee728b)  -> (artifact id: '7d09bc7199bb4b7479f3ef46f08f088a') in 0.008248 seconds
  Import took 0.009793 seconds .

========================================================================
Received Import Request.
  Time since last request: 0.197120 seconds.
  path: Assets/Textures/ui/gameover_window.png
  artifactKey: Guid(a6806e2fc36794ea1896bfd0ca9dc2fe) Importer(815301076,1909f56bfc062723c751e8b465ee728b)
Start importing Assets/Textures/ui/gameover_window.png using Guid(a6806e2fc36794ea1896bfd0ca9dc2fe) Importer(815301076,1909f56bfc062723c751e8b465ee728b)  -> (artifact id: '553439757a1012250179188b40a91469') in 0.035174 seconds
  Import took 0.036807 seconds .

========================================================================
Received Import Request.
  Time since last request: 1.696807 seconds.
  path: Assets/Textures/ui/pause_continue_n.png
  artifactKey: Guid(1693107d7cf5b48edb3507266835e9ed) Importer(815301076,1909f56bfc062723c751e8b465ee728b)
Start importing Assets/Textures/ui/pause_continue_n.png using Guid(1693107d7cf5b48edb3507266835e9ed) Importer(815301076,1909f56bfc062723c751e8b465ee728b)  -> (artifact id: '83f90ac08bd8706164d65373d17499f7') in 0.007878 seconds
  Import took 0.009419 seconds .

========================================================================
Received Import Request.
  Time since last request: 0.917046 seconds.
  path: Assets/Textures/ui/pause_stop_n.png
  artifactKey: Guid(70cb7408e89ad452587bd17846609203) Importer(815301076,1909f56bfc062723c751e8b465ee728b)
Start importing Assets/Textures/ui/pause_stop_n.png using Guid(70cb7408e89ad452587bd17846609203) Importer(815301076,1909f56bfc062723c751e8b465ee728b)  -> (artifact id: '635e13f30335a77a4e1abaa5a6cc2d8b') in 0.007851 seconds
  Import took 0.009361 seconds .

========================================================================
Received Import Request.
  Time since last request: 7.713645 seconds.
  path: Assets/Textures/Moebius_Regular_kor.ttf
  artifactKey: Guid(aea487284720a4f0daf42437ae160cf6) Importer(815301076,1909f56bfc062723c751e8b465ee728b)
Start importing Assets/Textures/Moebius_Regular_kor.ttf using Guid(aea487284720a4f0daf42437ae160cf6) Importer(815301076,1909f56bfc062723c751e8b465ee728b)  -> (artifact id: '5088361f282194c0d232218c9e6d6f78') in 0.068921 seconds
  Import took 0.070811 seconds .

========================================================================
Received Import Request.
  Time since last request: 3.493669 seconds.
  path: Assets/Textures/BM-JUA.otf
  artifactKey: Guid(62c8921611d0941ab815998874abac11) Importer(815301076,1909f56bfc062723c751e8b465ee728b)
Start importing Assets/Textures/BM-JUA.otf using Guid(62c8921611d0941ab815998874abac11) Importer(815301076,1909f56bfc062723c751e8b465ee728b)  -> (artifact id: '82a0b5ac63475bf71473c23bc67da7aa') in 0.013530 seconds
  Import took 0.015288 seconds .

========================================================================
Received Import Request.
  Time since last request: 0.000310 seconds.
  path: Assets/Textures/BM-JUA.otf
  artifactKey: Guid(62c8921611d0941ab815998874abac11) Importer(815301076,1909f56bfc062723c751e8b465ee728b)
Start importing Assets/Textures/BM-JUA.otf using Guid(62c8921611d0941ab815998874abac11) Importer(815301076,1909f56bfc062723c751e8b465ee728b)  -> (artifact id: '82a0b5ac63475bf71473c23bc67da7aa') in 0.012267 seconds
  Import took 0.013996 seconds .

========================================================================
Received Import Request.
  Time since last request: 28.786796 seconds.
  path: Assets/Textures/game_bg.png
  artifactKey: Guid(1b5a86a1cab10496f9a2adf9f5cdd8d1) Importer(815301076,1909f56bfc062723c751e8b465ee728b)
Start importing Assets/Textures/game_bg.png using Guid(1b5a86a1cab10496f9a2adf9f5cdd8d1) Importer(815301076,1909f56bfc062723c751e8b465ee728b)  -> (artifact id: '56863aa1d837340023a8cd07a6cdb45b') in 0.009535 seconds
  Import took 0.011317 seconds .

========================================================================
Received Import Request.
  Time since last request: 197.961186 seconds.
  path: Assets/Hole.prefab
  artifactKey: Guid(167c2cca5f8ac3045b7b70e3966a1c09) Importer(815301076,1909f56bfc062723c751e8b465ee728b)
Start importing Assets/Hole.prefab using Guid(167c2cca5f8ac3045b7b70e3966a1c09) Importer(815301076,1909f56bfc062723c751e8b465ee728b)  -> (artifact id: 'da641d98b9fcfa873c3dcdcb621c37f3') in 0.027442 seconds
  Import took 0.029444 seconds .

========================================================================
Received Import Request.
  Time since last request: 0.002872 seconds.
  path: Assets/Hole.prefab
  artifactKey: Guid(167c2cca5f8ac3045b7b70e3966a1c09) Importer(815301076,1909f56bfc062723c751e8b465ee728b)
Start importing Assets/Hole.prefab using Guid(167c2cca5f8ac3045b7b70e3966a1c09) Importer(815301076,1909f56bfc062723c751e8b465ee728b)  -> (artifact id: 'da641d98b9fcfa873c3dcdcb621c37f3') in 0.024635 seconds
  Import took 0.026503 seconds .

========================================================================
Received Import Request.
  Time since last request: 4.638767 seconds.
  path: Assets/Hole.prefab
  artifactKey: Guid(167c2cca5f8ac3045b7b70e3966a1c09) Importer(815301076,1909f56bfc062723c751e8b465ee728b)
Start importing Assets/Hole.prefab using Guid(167c2cca5f8ac3045b7b70e3966a1c09) Importer(815301076,1909f56bfc062723c751e8b465ee728b)  -> (artifact id: '0b3b80a43f0b499740b8b07a69103764') in 0.011578 seconds
  Import took 0.013568 seconds .

========================================================================
Received Import Request.
  Time since last request: 3.091143 seconds.
  path: Assets/Hole.prefab
  artifactKey: Guid(167c2cca5f8ac3045b7b70e3966a1c09) Importer(815301076,1909f56bfc062723c751e8b465ee728b)
Start importing Assets/Hole.prefab using Guid(167c2cca5f8ac3045b7b70e3966a1c09) Importer(815301076,1909f56bfc062723c751e8b465ee728b)  -> (artifact id: '220fc74434c844376c12b8e366b6cd67') in 0.015973 seconds
  Import took 0.018009 seconds .

========================================================================
Received Import Request.
  Time since last request: 5.192745 seconds.
  path: Assets/Hole.prefab
  artifactKey: Guid(167c2cca5f8ac3045b7b70e3966a1c09) Importer(815301076,1909f56bfc062723c751e8b465ee728b)
Start importing Assets/Hole.prefab using Guid(167c2cca5f8ac3045b7b70e3966a1c09) Importer(815301076,1909f56bfc062723c751e8b465ee728b)  -> (artifact id: '0ad79ee81a34881f546ab62cd6ca7266') in 0.012481 seconds
  Import took 0.014309 seconds .

========================================================================
Received Prepare
Registering precompiled user dll's ...
Registered in 0.000792 seconds.
Begin MonoManager ReloadAssembly
Native extension for WindowsStandalone target not found
Refreshing native plugins compatible for Editor in 0.18 ms, found 0 plugins.
Preloading 0 native plugins for Editor in 0.00 ms.
Invoked RoslynAnalysisRunner static constructor.
RoslynAnalysisRunner will not be running.
RoslynAnalysisRunner has terminated.
Mono: successfully reloaded assembly
- Completed reload, in  0.698 seconds
Platform modules already initialized, skipping
Refreshing native plugins compatible for Editor in 0.17 ms, found 0 plugins.
Preloading 0 native plugins for Editor in 0.00 ms.
Unloading 1096 Unused Serialized files (Serialized files now loaded: 0)
System memory in use before: 60.7 MB.
System memory in use after: 60.8 MB.

Unloading 5 unused Assets to reduce memory usage. Loaded Objects now: 1604.
Total: 1.383600 ms (FindLiveObjects: 0.129800 ms CreateObjectMapping: 0.040700 ms MarkObjects: 1.173000 ms  DeleteObjects: 0.039200 ms)

========================================================================
Received Import Request.
  Time since last request: 507.333501 seconds.
  path: Assets/Textures/ui/Bed_Dudugi_BG.png
  artifactKey: Guid(6d4f2ee78e6f4f945bcccbe52db25f2b) Importer(815301076,1909f56bfc062723c751e8b465ee728b)
Start importing Assets/Textures/ui/Bed_Dudugi_BG.png using Guid(6d4f2ee78e6f4f945bcccbe52db25f2b) Importer(815301076,1909f56bfc062723c751e8b465ee728b)  -> (artifact id: '7af8567197753ac5757caf7e3f8c7079') in 0.043883 seconds
  Import took 0.045489 seconds .

========================================================================
Received Import Request.
  Time since last request: 2.103397 seconds.
  path: Assets/Textures/ui/black.png
  artifactKey: Guid(91370150fbe641745a9194912bccbf91) Importer(815301076,1909f56bfc062723c751e8b465ee728b)
Start importing Assets/Textures/ui/black.png using Guid(91370150fbe641745a9194912bccbf91) Importer(815301076,1909f56bfc062723c751e8b465ee728b)  -> (artifact id: '9b8ea68a56594973342edca87e2b0ae8') in 0.007431 seconds
  Import took 0.009036 seconds .

========================================================================
Received Import Request.
  Time since last request: 3.291131 seconds.
  path: Assets/Textures/ui/Menu
  artifactKey: Guid(807e0ab64b6484083aa5ad4e51546bd8) Importer(815301076,1909f56bfc062723c751e8b465ee728b)
Start importing Assets/Textures/ui/Menu using Guid(807e0ab64b6484083aa5ad4e51546bd8) Importer(815301076,1909f56bfc062723c751e8b465ee728b)  -> (artifact id: 'd1bfa06bc7b90afd54239d5ac3744d83') in 0.002120 seconds
  Import took 0.003646 seconds .

========================================================================
Received Import Request.
  Time since last request: 0.002475 seconds.
  path: Assets/Textures/ui/Menu
  artifactKey: Guid(807e0ab64b6484083aa5ad4e51546bd8) Importer(815301076,1909f56bfc062723c751e8b465ee728b)
Start importing Assets/Textures/ui/Menu using Guid(807e0ab64b6484083aa5ad4e51546bd8) Importer(815301076,1909f56bfc062723c751e8b465ee728b)  -> (artifact id: 'd1bfa06bc7b90afd54239d5ac3744d83') in 0.001940 seconds
  Import took 0.003419 seconds .

========================================================================
Received Import Request.
  Time since last request: 2.422375 seconds.
  path: Assets/Textures/ui/Menu/mainmenu_3X3bg.png
  artifactKey: Guid(d2b02e37952744d4999cc480a078c23c) Importer(815301076,1909f56bfc062723c751e8b465ee728b)
Start importing Assets/Textures/ui/Menu/mainmenu_3X3bg.png using Guid(d2b02e37952744d4999cc480a078c23c) Importer(815301076,1909f56bfc062723c751e8b465ee728b)  -> (artifact id: 'f550dd9630014fc2512dd5edacabd0bd') in 0.008282 seconds
  Import took 0.009856 seconds .

========================================================================
Received Import Request.
  Time since last request: 1.772801 seconds.
  path: Assets/Textures/ui/Menu/mainmenu_4X4bg.png
  artifactKey: Guid(fc12d943e589f497abdaa900d4610eaa) Importer(815301076,1909f56bfc062723c751e8b465ee728b)
Start importing Assets/Textures/ui/Menu/mainmenu_4X4bg.png using Guid(fc12d943e589f497abdaa900d4610eaa) Importer(815301076,1909f56bfc062723c751e8b465ee728b)  -> (artifact id: '636246f1cf33b192a804398b31fb1314') in 0.006941 seconds
  Import took 0.008523 seconds .

========================================================================
Received Import Request.
  Time since last request: 1.065932 seconds.
  path: Assets/Textures/ui/Menu/mainmenu_bg.png
  artifactKey: Guid(a72549e4d458a4409871385dcd968bd1) Importer(815301076,1909f56bfc062723c751e8b465ee728b)
Start importing Assets/Textures/ui/Menu/mainmenu_bg.png using Guid(a72549e4d458a4409871385dcd968bd1) Importer(815301076,1909f56bfc062723c751e8b465ee728b)  -> (artifact id: 'e510f08021ed44e7ff6869239432bb40') in 0.006634 seconds
  Import took 0.008194 seconds .

========================================================================
Received Import Request.
  Time since last request: 3.722986 seconds.
  path: Assets/Textures/ui/game_time.png
  artifactKey: Guid(ffce7d02988c645c5bd2f411af61c1be) Importer(815301076,1909f56bfc062723c751e8b465ee728b)
Start importing Assets/Textures/ui/game_time.png using Guid(ffce7d02988c645c5bd2f411af61c1be) Importer(815301076,1909f56bfc062723c751e8b465ee728b)  -> (artifact id: '9d1bc5fa676728d22d6a2bf4003354f5') in 0.008650 seconds
  Import took 0.010260 seconds .

========================================================================
Received Import Request.
  Time since last request: 1.031406 seconds.
  path: Assets/Textures/ui/game_score.png
  artifactKey: Guid(890bde5d9f79844068a7bf04c433430d) Importer(815301076,1909f56bfc062723c751e8b465ee728b)
Start importing Assets/Textures/ui/game_score.png using Guid(890bde5d9f79844068a7bf04c433430d) Importer(815301076,1909f56bfc062723c751e8b465ee728b)  -> (artifact id: '8d91b254c56b786ce5f062349e067028') in 0.008149 seconds
  Import took 0.009778 seconds .

========================================================================
Received Prepare
Registering precompiled user dll's ...
Registered in 0.000824 seconds.
Begin MonoManager ReloadAssembly
Native extension for WindowsStandalone target not found
Refreshing native plugins compatible for Editor in 0.38 ms, found 0 plugins.
Preloading 0 native plugins for Editor in 0.00 ms.
Invoked RoslynAnalysisRunner static constructor.
RoslynAnalysisRunner will not be running.
RoslynAnalysisRunner has terminated.
Mono: successfully reloaded assembly
- Completed reload, in  0.717 seconds
Platform modules already initialized, skipping
Refreshing native plugins compatible for Editor in 0.19 ms, found 0 plugins.
Preloading 0 native plugins for Editor in 0.00 ms.
Unloading 1096 Unused Serialized files (Serialized files now loaded: 0)
System memory in use before: 60.8 MB.
System memory in use after: 60.9 MB.

Unloading 5 unused Assets to reduce memory usage. Loaded Objects now: 1616.
Total: 1.512500 ms (FindLiveObjects: 0.169600 ms CreateObjectMapping: 0.052700 ms MarkObjects: 1.240800 ms  DeleteObjects: 0.048400 ms)

========================================================================
Received Prepare
Registering precompiled user dll's ...
Registered in 0.000893 seconds.
Begin MonoManager ReloadAssembly
Native extension for WindowsStandalone target not found
Refreshing native plugins compatible for Editor in 0.19 ms, found 0 plugins.
Preloading 0 native plugins for Editor in 0.00 ms.
Invoked RoslynAnalysisRunner static constructor.
RoslynAnalysisRunner will not be running.
RoslynAnalysisRunner has terminated.
Mono: successfully reloaded assembly
- Completed reload, in  0.729 seconds
Platform modules already initialized, skipping
Refreshing native plugins compatible for Editor in 0.19 ms, found 0 plugins.
Preloading 0 native plugins for Editor in 0.00 ms.
Unloading 1143 Unused Serialized files (Serialized files now loaded: 0)
System memory in use before: 63.5 MB.
System memory in use after: 63.0 MB.

Unloading 18 unused Assets to reduce memory usage. Loaded Objects now: 1652.
Total: 1.901000 ms (FindLiveObjects: 0.131700 ms CreateObjectMapping: 0.034600 ms MarkObjects: 1.468500 ms  DeleteObjects: 0.265400 ms)

========================================================================
Received Prepare
Registering precompiled user dll's ...
Registered in 0.000801 seconds.
Begin MonoManager ReloadAssembly
Native extension for WindowsStandalone target not found
Refreshing native plugins compatible for Editor in 0.20 ms, found 0 plugins.
Preloading 0 native plugins for Editor in 0.00 ms.
Invoked RoslynAnalysisRunner static constructor.
RoslynAnalysisRunner will not be running.
RoslynAnalysisRunner has terminated.
Mono: successfully reloaded assembly
- Completed reload, in  0.670 seconds
Platform modules already initialized, skipping
Refreshing native plugins compatible for Editor in 0.19 ms, found 0 plugins.
Preloading 0 native plugins for Editor in 0.00 ms.
Unloading 1143 Unused Serialized files (Serialized files now loaded: 0)
System memory in use before: 63.6 MB.
System memory in use after: 63.1 MB.

Unloading 18 unused Assets to reduce memory usage. Loaded Objects now: 1654.
Total: 1.766300 ms (FindLiveObjects: 0.141500 ms CreateObjectMapping: 0.033600 ms MarkObjects: 1.304600 ms  DeleteObjects: 0.285300 ms)

========================================================================
Received Prepare
Registering precompiled user dll's ...
Registered in 0.000807 seconds.
Begin MonoManager ReloadAssembly
Native extension for WindowsStandalone target not found
Refreshing native plugins compatible for Editor in 0.19 ms, found 0 plugins.
Preloading 0 native plugins for Editor in 0.00 ms.
Invoked RoslynAnalysisRunner static constructor.
RoslynAnalysisRunner will not be running.
RoslynAnalysisRunner has terminated.
Mono: successfully reloaded assembly
- Completed reload, in  0.690 seconds
Platform modules already initialized, skipping
Refreshing native plugins compatible for Editor in 0.19 ms, found 0 plugins.
Preloading 0 native plugins for Editor in 0.00 ms.
Unloading 1143 Unused Serialized files (Serialized files now loaded: 0)
System memory in use before: 63.7 MB.
System memory in use after: 63.2 MB.

Unloading 18 unused Assets to reduce memory usage. Loaded Objects now: 1656.
Total: 1.831200 ms (FindLiveObjects: 0.119900 ms CreateObjectMapping: 0.030900 ms MarkObjects: 1.406200 ms  DeleteObjects: 0.273000 ms)

========================================================================
Received Prepare
Registering precompiled user dll's ...
Registered in 0.000852 seconds.
Begin MonoManager ReloadAssembly
Native extension for WindowsStandalone target not found
Refreshing native plugins compatible for Editor in 0.19 ms, found 0 plugins.
Preloading 0 native plugins for Editor in 0.00 ms.
Invoked RoslynAnalysisRunner static constructor.
RoslynAnalysisRunner will not be running.
RoslynAnalysisRunner has terminated.
Mono: successfully reloaded assembly
- Completed reload, in  0.693 seconds
Platform modules already initialized, skipping
Refreshing native plugins compatible for Editor in 0.19 ms, found 0 plugins.
Preloading 0 native plugins for Editor in 0.00 ms.
Unloading 1143 Unused Serialized files (Serialized files now loaded: 0)
System memory in use before: 63.8 MB.
System memory in use after: 63.3 MB.

Unloading 18 unused Assets to reduce memory usage. Loaded Objects now: 1658.
Total: 1.649400 ms (FindLiveObjects: 0.129300 ms CreateObjectMapping: 0.036000 ms MarkObjects: 1.186100 ms  DeleteObjects: 0.297400 ms)

========================================================================
Received Prepare
Registering precompiled user dll's ...
Registered in 0.000777 seconds.
Begin MonoManager ReloadAssembly
Native extension for WindowsStandalone target not found
Refreshing native plugins compatible for Editor in 0.19 ms, found 0 plugins.
Preloading 0 native plugins for Editor in 0.00 ms.
Invoked RoslynAnalysisRunner static constructor.
RoslynAnalysisRunner will not be running.
RoslynAnalysisRunner has terminated.
Mono: successfully reloaded assembly
- Completed reload, in  0.664 seconds
Platform modules already initialized, skipping
Refreshing native plugins compatible for Editor in 0.20 ms, found 0 plugins.
Preloading 0 native plugins for Editor in 0.00 ms.
Unloading 1143 Unused Serialized files (Serialized files now loaded: 0)
System memory in use before: 63.9 MB.
System memory in use after: 63.4 MB.

Unloading 18 unused Assets to reduce memory usage. Loaded Objects now: 1660.
Total: 1.961500 ms (FindLiveObjects: 0.133800 ms CreateObjectMapping: 0.037000 ms MarkObjects: 1.481400 ms  DeleteObjects: 0.308100 ms)

========================================================================
Received Prepare
Registering precompiled user dll's ...
Registered in 0.000794 seconds.
Begin MonoManager ReloadAssembly
Native extension for WindowsStandalone target not found
Refreshing native plugins compatible for Editor in 0.19 ms, found 0 plugins.
Preloading 0 native plugins for Editor in 0.00 ms.
Invoked RoslynAnalysisRunner static constructor.
RoslynAnalysisRunner will not be running.
RoslynAnalysisRunner has terminated.
Mono: successfully reloaded assembly
- Completed reload, in  0.669 seconds
Platform modules already initialized, skipping
Refreshing native plugins compatible for Editor in 0.20 ms, found 0 plugins.
Preloading 0 native plugins for Editor in 0.00 ms.
Unloading 1143 Unused Serialized files (Serialized files now loaded: 0)
System memory in use before: 64.0 MB.
System memory in use after: 63.5 MB.

Unloading 18 unused Assets to reduce memory usage. Loaded Objects now: 1662.
Total: 1.723400 ms (FindLiveObjects: 0.148300 ms CreateObjectMapping: 0.040600 ms MarkObjects: 1.242500 ms  DeleteObjects: 0.291000 ms)

========================================================================
Received Prepare
Registering precompiled user dll's ...
Registered in 0.000803 seconds.
Begin MonoManager ReloadAssembly
Native extension for WindowsStandalone target not found
Refreshing native plugins compatible for Editor in 0.19 ms, found 0 plugins.
Preloading 0 native plugins for Editor in 0.00 ms.
Invoked RoslynAnalysisRunner static constructor.
RoslynAnalysisRunner will not be running.
RoslynAnalysisRunner has terminated.
Mono: successfully reloaded assembly
- Completed reload, in  0.699 seconds
Platform modules already initialized, skipping
Refreshing native plugins compatible for Editor in 0.19 ms, found 0 plugins.
Preloading 0 native plugins for Editor in 0.00 ms.
Unloading 1144 Unused Serialized files (Serialized files now loaded: 0)
System memory in use before: 64.3 MB.
System memory in use after: 63.8 MB.

Unloading 18 unused Assets to reduce memory usage. Loaded Objects now: 1665.
Total: 1.670500 ms (FindLiveObjects: 0.140300 ms CreateObjectMapping: 0.030600 ms MarkObjects: 1.206300 ms  DeleteObjects: 0.292500 ms)

========================================================================
Received Import Request.
  Time since last request: 3511.960969 seconds.
  path: Assets/iTween.cs
  artifactKey: Guid(2b83006a71e356245b7df682e14a0715) Importer(815301076,1909f56bfc062723c751e8b465ee728b)
Start importing Assets/iTween.cs using Guid(2b83006a71e356245b7df682e14a0715) Importer(815301076,1909f56bfc062723c751e8b465ee728b)  -> (artifact id: '9f6a7d5a98ff2a760d860582b57447ef') in 0.003551 seconds
  Import took 0.005250 seconds .

========================================================================
Received Import Request.
  Time since last request: 0.003128 seconds.
  path: Assets/iTween.cs
  artifactKey: Guid(2b83006a71e356245b7df682e14a0715) Importer(815301076,1909f56bfc062723c751e8b465ee728b)
Start importing Assets/iTween.cs using Guid(2b83006a71e356245b7df682e14a0715) Importer(815301076,1909f56bfc062723c751e8b465ee728b)  -> (artifact id: '9f6a7d5a98ff2a760d860582b57447ef') in 0.001985 seconds
  Import took 0.003390 seconds .

========================================================================
Received Prepare
Registering precompiled user dll's ...
Registered in 0.000806 seconds.
Begin MonoManager ReloadAssembly
Native extension for WindowsStandalone target not found
Refreshing native plugins compatible for Editor in 0.20 ms, found 0 plugins.
Preloading 0 native plugins for Editor in 0.00 ms.
Invoked RoslynAnalysisRunner static constructor.
RoslynAnalysisRunner will not be running.
RoslynAnalysisRunner has terminated.
Mono: successfully reloaded assembly
- Completed reload, in  0.683 seconds
Platform modules already initialized, skipping
Refreshing native plugins compatible for Editor in 0.19 ms, found 0 plugins.
Preloading 0 native plugins for Editor in 0.00 ms.
Unloading 1144 Unused Serialized files (Serialized files now loaded: 0)
System memory in use before: 64.4 MB.
System memory in use after: 63.9 MB.

Unloading 18 unused Assets to reduce memory usage. Loaded Objects now: 1667.
Total: 1.826700 ms (FindLiveObjects: 0.186100 ms CreateObjectMapping: 0.055800 ms MarkObjects: 1.307500 ms  DeleteObjects: 0.276200 ms)

========================================================================
Received Prepare
Registering precompiled user dll's ...
Registered in 0.001023 seconds.
Begin MonoManager ReloadAssembly
Native extension for WindowsStandalone target not found
Refreshing native plugins compatible for Editor in 0.20 ms, found 0 plugins.
Preloading 0 native plugins for Editor in 0.00 ms.
Invoked RoslynAnalysisRunner static constructor.
RoslynAnalysisRunner will not be running.
RoslynAnalysisRunner has terminated.
Mono: successfully reloaded assembly
- Completed reload, in  0.770 seconds
Platform modules already initialized, skipping
Refreshing native plugins compatible for Editor in 0.20 ms, found 0 plugins.
Preloading 0 native plugins for Editor in 0.00 ms.
Unloading 1144 Unused Serialized files (Serialized files now loaded: 0)
System memory in use before: 64.5 MB.
System memory in use after: 64.0 MB.

Unloading 18 unused Assets to reduce memory usage. Loaded Objects now: 1669.
Total: 1.767100 ms (FindLiveObjects: 0.128700 ms CreateObjectMapping: 0.032000 ms MarkObjects: 1.318200 ms  DeleteObjects: 0.287100 ms)

========================================================================
Received Import Request.
  Time since last request: 487.832761 seconds.
  path: Assets/Textures/ui/gameover_replay_n.png
  artifactKey: Guid(d6fab4c74f3b848078935c35171653f4) Importer(815301076,1909f56bfc062723c751e8b465ee728b)
Start importing Assets/Textures/ui/gameover_replay_n.png using Guid(d6fab4c74f3b848078935c35171653f4) Importer(815301076,1909f56bfc062723c751e8b465ee728b)  -> (artifact id: '69dfa89b5d2d0c1c411a6b2913330f44') in 0.039451 seconds
  Import took 0.041151 seconds .

========================================================================
Received Import Request.
  Time since last request: 0.004258 seconds.
  path: Assets/Textures/ui/gameover_replay_n.png
  artifactKey: Guid(d6fab4c74f3b848078935c35171653f4) Importer(815301076,1909f56bfc062723c751e8b465ee728b)
Start importing Assets/Textures/ui/gameover_replay_n.png using Guid(d6fab4c74f3b848078935c35171653f4) Importer(815301076,1909f56bfc062723c751e8b465ee728b)  -> (artifact id: '69dfa89b5d2d0c1c411a6b2913330f44') in 0.008305 seconds
  Import took 0.009928 seconds .

========================================================================
Received Prepare
Registering precompiled user dll's ...
Registered in 0.000825 seconds.
Begin MonoManager ReloadAssembly
Native extension for WindowsStandalone target not found
Refreshing native plugins compatible for Editor in 0.20 ms, found 0 plugins.
Preloading 0 native plugins for Editor in 0.00 ms.
Invoked RoslynAnalysisRunner static constructor.
RoslynAnalysisRunner will not be running.
RoslynAnalysisRunner has terminated.
Mono: successfully reloaded assembly
- Completed reload, in  0.680 seconds
Platform modules already initialized, skipping
Refreshing native plugins compatible for Editor in 0.18 ms, found 0 plugins.
Preloading 0 native plugins for Editor in 0.00 ms.
Unloading 1144 Unused Serialized files (Serialized files now loaded: 0)
System memory in use before: 64.6 MB.
System memory in use after: 64.1 MB.

Unloading 18 unused Assets to reduce memory usage. Loaded Objects now: 1672.
Total: 1.851200 ms (FindLiveObjects: 0.122000 ms CreateObjectMapping: 0.029800 ms MarkObjects: 1.406200 ms  DeleteObjects: 0.292100 ms)

========================================================================
Received Prepare
Registering precompiled user dll's ...
Registered in 0.000799 seconds.
Begin MonoManager ReloadAssembly
Native extension for WindowsStandalone target not found
Refreshing native plugins compatible for Editor in 0.19 ms, found 0 plugins.
Preloading 0 native plugins for Editor in 0.00 ms.
Invoked RoslynAnalysisRunner static constructor.
RoslynAnalysisRunner will not be running.
RoslynAnalysisRunner has terminated.
Mono: successfully reloaded assembly
- Completed reload, in  0.705 seconds
Platform modules already initialized, skipping
Refreshing native plugins compatible for Editor in 0.19 ms, found 0 plugins.
Preloading 0 native plugins for Editor in 0.00 ms.
Unloading 1144 Unused Serialized files (Serialized files now loaded: 0)
System memory in use before: 64.7 MB.
System memory in use after: 64.2 MB.

Unloading 18 unused Assets to reduce memory usage. Loaded Objects now: 1674.
Total: 1.703900 ms (FindLiveObjects: 0.128900 ms CreateObjectMapping: 0.032500 ms MarkObjects: 1.262500 ms  DeleteObjects: 0.279100 ms)

========================================================================
Received Prepare
Registering precompiled user dll's ...
Registered in 0.001162 seconds.
Begin MonoManager ReloadAssembly
Native extension for WindowsStandalone target not found
Refreshing native plugins compatible for Editor in 0.19 ms, found 0 plugins.
Preloading 0 native plugins for Editor in 0.00 ms.
Invoked RoslynAnalysisRunner static constructor.
RoslynAnalysisRunner will not be running.
RoslynAnalysisRunner has terminated.
Mono: successfully reloaded assembly
- Completed reload, in  0.703 seconds
Platform modules already initialized, skipping
Refreshing native plugins compatible for Editor in 0.19 ms, found 0 plugins.
Preloading 0 native plugins for Editor in 0.00 ms.
Unloading 1144 Unused Serialized files (Serialized files now loaded: 0)
System memory in use before: 64.8 MB.
System memory in use after: 64.3 MB.

Unloading 18 unused Assets to reduce memory usage. Loaded Objects now: 1676.
Total: 1.872300 ms (FindLiveObjects: 0.127600 ms CreateObjectMapping: 0.030000 ms MarkObjects: 1.431000 ms  DeleteObjects: 0.283000 ms)

========================================================================
Received Prepare
Registering precompiled user dll's ...
Registered in 0.000935 seconds.
Begin MonoManager ReloadAssembly
Native extension for WindowsStandalone target not found
Refreshing native plugins compatible for Editor in 0.22 ms, found 0 plugins.
Preloading 0 native plugins for Editor in 0.00 ms.
Invoked RoslynAnalysisRunner static constructor.
RoslynAnalysisRunner will not be running.
RoslynAnalysisRunner has terminated.
Mono: successfully reloaded assembly
- Completed reload, in  0.792 seconds
Platform modules already initialized, skipping
Refreshing native plugins compatible for Editor in 0.31 ms, found 0 plugins.
Preloading 0 native plugins for Editor in 0.00 ms.
Unloading 1144 Unused Serialized files (Serialized files now loaded: 0)
System memory in use before: 64.9 MB.
System memory in use after: 64.4 MB.

Unloading 18 unused Assets to reduce memory usage. Loaded Objects now: 1678.
Total: 1.828600 ms (FindLiveObjects: 0.142200 ms CreateObjectMapping: 0.045800 ms MarkObjects: 1.347700 ms  DeleteObjects: 0.292000 ms)

========================================================================
Received Prepare
Registering precompiled user dll's ...
Registered in 0.000807 seconds.
Begin MonoManager ReloadAssembly
Native extension for WindowsStandalone target not found
Refreshing native plugins compatible for Editor in 0.19 ms, found 0 plugins.
Preloading 0 native plugins for Editor in 0.00 ms.
Invoked RoslynAnalysisRunner static constructor.
RoslynAnalysisRunner will not be running.
RoslynAnalysisRunner has terminated.
Mono: successfully reloaded assembly
- Completed reload, in  0.674 seconds
Platform modules already initialized, skipping
Refreshing native plugins compatible for Editor in 0.19 ms, found 0 plugins.
Preloading 0 native plugins for Editor in 0.00 ms.
Unloading 1144 Unused Serialized files (Serialized files now loaded: 0)
System memory in use before: 65.0 MB.
System memory in use after: 64.5 MB.

Unloading 18 unused Assets to reduce memory usage. Loaded Objects now: 1680.
Total: 1.844000 ms (FindLiveObjects: 0.122100 ms CreateObjectMapping: 0.030700 ms MarkObjects: 1.396800 ms  DeleteObjects: 0.293600 ms)

========================================================================
Received Prepare
Registering precompiled user dll's ...
Registered in 0.000798 seconds.
Begin MonoManager ReloadAssembly
Native extension for WindowsStandalone target not found
Refreshing native plugins compatible for Editor in 0.19 ms, found 0 plugins.
Preloading 0 native plugins for Editor in 0.00 ms.
Invoked RoslynAnalysisRunner static constructor.
RoslynAnalysisRunner will not be running.
RoslynAnalysisRunner has terminated.
Mono: successfully reloaded assembly
- Completed reload, in  0.670 seconds
Platform modules already initialized, skipping
Refreshing native plugins compatible for Editor in 0.21 ms, found 0 plugins.
Preloading 0 native plugins for Editor in 0.00 ms.
Unloading 1144 Unused Serialized files (Serialized files now loaded: 0)
System memory in use before: 65.0 MB.
System memory in use after: 64.5 MB.

Unloading 18 unused Assets to reduce memory usage. Loaded Objects now: 1682.
Total: 2.184400 ms (FindLiveObjects: 0.260800 ms CreateObjectMapping: 0.075200 ms MarkObjects: 1.539800 ms  DeleteObjects: 0.307700 ms)

========================================================================
Received Import Request.
  Time since last request: 931.351552 seconds.
  path: Assets/Textures
  artifactKey: Guid(70d688db39ba4f441895afce09ae8c43) Importer(815301076,1909f56bfc062723c751e8b465ee728b)
Start importing Assets/Textures using Guid(70d688db39ba4f441895afce09ae8c43) Importer(815301076,1909f56bfc062723c751e8b465ee728b)  -> (artifact id: '47e04142390b994fec206f4ebab9abdc') in 0.004866 seconds
  Import took 0.006910 seconds .

========================================================================
Received Prepare
Registering precompiled user dll's ...
Registered in 0.001042 seconds.
Begin MonoManager ReloadAssembly
Native extension for WindowsStandalone target not found
Refreshing native plugins compatible for Editor in 0.21 ms, found 0 plugins.
Preloading 0 native plugins for Editor in 0.00 ms.
Invoked RoslynAnalysisRunner static constructor.
RoslynAnalysisRunner will not be running.
RoslynAnalysisRunner has terminated.
Mono: successfully reloaded assembly
- Completed reload, in  0.780 seconds
Platform modules already initialized, skipping
Refreshing native plugins compatible for Editor in 0.25 ms, found 0 plugins.
Preloading 0 native plugins for Editor in 0.00 ms.
Unloading 1144 Unused Serialized files (Serialized files now loaded: 0)
System memory in use before: 64.2 MB.
System memory in use after: 63.7 MB.

Unloading 18 unused Assets to reduce memory usage. Loaded Objects now: 1684.
Total: 1.879200 ms (FindLiveObjects: 0.136500 ms CreateObjectMapping: 0.033500 ms MarkObjects: 1.312900 ms  DeleteObjects: 0.395000 ms)

========================================================================
Received Prepare
Registering precompiled user dll's ...
Registered in 0.000778 seconds.
Begin MonoManager ReloadAssembly
Native extension for WindowsStandalone target not found
Refreshing native plugins compatible for Editor in 0.19 ms, found 0 plugins.
Preloading 0 native plugins for Editor in 0.00 ms.
Invoked RoslynAnalysisRunner static constructor.
RoslynAnalysisRunner will not be running.
RoslynAnalysisRunner has terminated.
Mono: successfully reloaded assembly
- Completed reload, in  0.690 seconds
Platform modules already initialized, skipping
Refreshing native plugins compatible for Editor in 0.19 ms, found 0 plugins.
Preloading 0 native plugins for Editor in 0.00 ms.
Unloading 1144 Unused Serialized files (Serialized files now loaded: 0)
System memory in use before: 64.3 MB.
System memory in use after: 63.8 MB.

Unloading 18 unused Assets to reduce memory usage. Loaded Objects now: 1686.
Total: 1.775300 ms (FindLiveObjects: 0.146700 ms CreateObjectMapping: 0.037600 ms MarkObjects: 1.304100 ms  DeleteObjects: 0.285700 ms)

========================================================================
Received Import Request.
  Time since last request: 143.251595 seconds.
  path: Assets/Textures/ui/game_pause_f.png
  artifactKey: Guid(d129929ca0a7c413e9763ee60bfbae71) Importer(815301076,1909f56bfc062723c751e8b465ee728b)
Start importing Assets/Textures/ui/game_pause_f.png using Guid(d129929ca0a7c413e9763ee60bfbae71) Importer(815301076,1909f56bfc062723c751e8b465ee728b)  -> (artifact id: 'daec076870319790372193235b738c9d') in 0.044066 seconds
  Import took 0.045841 seconds .

========================================================================
Received Prepare
Registering precompiled user dll's ...
Registered in 0.000902 seconds.
Begin MonoManager ReloadAssembly
Native extension for WindowsStandalone target not found
Refreshing native plugins compatible for Editor in 0.20 ms, found 0 plugins.
Preloading 0 native plugins for Editor in 0.00 ms.
Invoked RoslynAnalysisRunner static constructor.
RoslynAnalysisRunner will not be running.
RoslynAnalysisRunner has terminated.
Mono: successfully reloaded assembly
- Completed reload, in  0.683 seconds
Platform modules already initialized, skipping
Refreshing native plugins compatible for Editor in 0.20 ms, found 0 plugins.
Preloading 0 native plugins for Editor in 0.00 ms.
Unloading 1144 Unused Serialized files (Serialized files now loaded: 0)
System memory in use before: 64.4 MB.
System memory in use after: 63.9 MB.

Unloading 18 unused Assets to reduce memory usage. Loaded Objects now: 1691.
Total: 1.729000 ms (FindLiveObjects: 0.127700 ms CreateObjectMapping: 0.030800 ms MarkObjects: 1.284900 ms  DeleteObjects: 0.284700 ms)

========================================================================
Received Import Request.
  Time since last request: 59.525965 seconds.
  path: Assets/GameManager.cs
  artifactKey: Guid(477fa6a14111e9347838621647a30922) Importer(815301076,1909f56bfc062723c751e8b465ee728b)
Start importing Assets/GameManager.cs using Guid(477fa6a14111e9347838621647a30922) Importer(815301076,1909f56bfc062723c751e8b465ee728b)  -> (artifact id: '695e721b922458a83a94f870eb44126b') in 0.003902 seconds
  Import took 0.005540 seconds .

========================================================================
Received Import Request.
  Time since last request: 0.003129 seconds.
  path: Assets/GameManager.cs
  artifactKey: Guid(477fa6a14111e9347838621647a30922) Importer(815301076,1909f56bfc062723c751e8b465ee728b)
Start importing Assets/GameManager.cs using Guid(477fa6a14111e9347838621647a30922) Importer(815301076,1909f56bfc062723c751e8b465ee728b)  -> (artifact id: '695e721b922458a83a94f870eb44126b') in 0.002230 seconds
  Import took 0.003817 seconds .

========================================================================
Received Import Request.
  Time since last request: 36.691244 seconds.
  path: Assets/Scenes/MainScene.unity
  artifactKey: Guid(9fc0d4010bbf28b4594072e72b8655ab) Importer(815301076,1909f56bfc062723c751e8b465ee728b)
Start importing Assets/Scenes/MainScene.unity using Guid(9fc0d4010bbf28b4594072e72b8655ab) Importer(815301076,1909f56bfc062723c751e8b465ee728b)  -> (artifact id: 'daf05093a8855786727423efe4713227') in 0.007329 seconds
  Import took 0.008952 seconds .

========================================================================
Received Import Request.
  Time since last request: 0.000723 seconds.
  path: Assets/Scenes/MainScene.unity
  artifactKey: Guid(9fc0d4010bbf28b4594072e72b8655ab) Importer(815301076,1909f56bfc062723c751e8b465ee728b)
Start importing Assets/Scenes/MainScene.unity using Guid(9fc0d4010bbf28b4594072e72b8655ab) Importer(815301076,1909f56bfc062723c751e8b465ee728b)  -> (artifact id: 'daf05093a8855786727423efe4713227') in 0.002364 seconds
  Import took 0.003978 seconds .

========================================================================
Received Prepare
Registering precompiled user dll's ...
Registered in 0.000811 seconds.
Begin MonoManager ReloadAssembly
Native extension for WindowsStandalone target not found
Refreshing native plugins compatible for Editor in 0.20 ms, found 0 plugins.
Preloading 0 native plugins for Editor in 0.00 ms.
Invoked RoslynAnalysisRunner static constructor.
RoslynAnalysisRunner will not be running.
RoslynAnalysisRunner has terminated.
Mono: successfully reloaded assembly
- Completed reload, in  0.702 seconds
Platform modules already initialized, skipping
Refreshing native plugins compatible for Editor in 0.19 ms, found 0 plugins.
Preloading 0 native plugins for Editor in 0.00 ms.
Unloading 1144 Unused Serialized files (Serialized files now loaded: 0)
System memory in use before: 64.5 MB.
System memory in use after: 64.0 MB.

Unloading 18 unused Assets to reduce memory usage. Loaded Objects now: 1693.
Total: 1.923200 ms (FindLiveObjects: 0.221300 ms CreateObjectMapping: 0.070300 ms MarkObjects: 1.336800 ms  DeleteObjects: 0.293000 ms)

========================================================================
Received Import Request.
  Time since last request: 156.859180 seconds.
  path: Assets/GameManager.cs
  artifactKey: Guid(477fa6a14111e9347838621647a30922) Importer(815301076,1909f56bfc062723c751e8b465ee728b)
Start importing Assets/GameManager.cs using Guid(477fa6a14111e9347838621647a30922) Importer(815301076,1909f56bfc062723c751e8b465ee728b)  -> (artifact id: '10c2e71273d453b7c189a208e575a331') in 0.004084 seconds
  Import took 0.005751 seconds .

========================================================================
Received Prepare
Registering precompiled user dll's ...
Registered in 0.001193 seconds.
Begin MonoManager ReloadAssembly
Native extension for WindowsStandalone target not found
Refreshing native plugins compatible for Editor in 0.19 ms, found 0 plugins.
Preloading 0 native plugins for Editor in 0.00 ms.
Invoked RoslynAnalysisRunner static constructor.
RoslynAnalysisRunner will not be running.
RoslynAnalysisRunner has terminated.
Mono: successfully reloaded assembly
- Completed reload, in  0.687 seconds
Platform modules already initialized, skipping
Refreshing native plugins compatible for Editor in 0.20 ms, found 0 plugins.
Preloading 0 native plugins for Editor in 0.00 ms.
Unloading 1144 Unused Serialized files (Serialized files now loaded: 0)
System memory in use before: 64.6 MB.
System memory in use after: 64.1 MB.

Unloading 18 unused Assets to reduce memory usage. Loaded Objects now: 1695.
Total: 1.960400 ms (FindLiveObjects: 0.144300 ms CreateObjectMapping: 0.038400 ms MarkObjects: 1.479200 ms  DeleteObjects: 0.297400 ms)

========================================================================
Received Prepare
Registering precompiled user dll's ...
Registered in 0.001340 seconds.
Begin MonoManager ReloadAssembly
Native extension for WindowsStandalone target not found
Refreshing native plugins compatible for Editor in 0.19 ms, found 0 plugins.
Preloading 0 native plugins for Editor in 0.00 ms.
Invoked RoslynAnalysisRunner static constructor.
RoslynAnalysisRunner will not be running.
RoslynAnalysisRunner has terminated.
Mono: successfully reloaded assembly
- Completed reload, in  0.701 seconds
Platform modules already initialized, skipping
Refreshing native plugins compatible for Editor in 0.20 ms, found 0 plugins.
Preloading 0 native plugins for Editor in 0.00 ms.
Unloading 1144 Unused Serialized files (Serialized files now loaded: 0)
System memory in use before: 64.7 MB.
System memory in use after: 64.2 MB.

Unloading 18 unused Assets to reduce memory usage. Loaded Objects now: 1697.
Total: 1.773300 ms (FindLiveObjects: 0.154700 ms CreateObjectMapping: 0.036000 ms MarkObjects: 1.269600 ms  DeleteObjects: 0.311300 ms)

AssetImportWorkerClient::OnTransportError - code=2 error=End of file
