Using pre-set license
Built from '2020.3/staging' branch; Version is '2020.3.0f1 (c7b5465681fb) revision 13088070'; Using compiler version '192528614'; Build Type 'Release'
OS: 'Windows 10 Pro; OS build 19041.928; Version 2004; 64bit' Language: 'ko' Physical Memory: 16334 MB
BatchMode: 1, IsHumanControllingUs: 0, StartBugReporterOnCrash: 0, Is64bit: 1, IsPro: 0

 COMMAND LINE ARGUMENTS:
C:\Program Files\Unity\Hub\Editor\2020.3.0f1\Editor\Unity.exe
-adb2
-batchMode
-noUpm
-name
AssetImportWorker0
-projectPath
D:/unity/Catch_APlus
-logFile
Logs/AssetImportWorker0.log
-srvPort
49251
Successfully changed project path to: D:/unity/Catch_APlus
D:/unity/Catch_APlus
Using Asset Import Pipeline V2.
Refreshing native plugins compatible for Editor in 36.45 ms, found 1 plugins.
Preloading 0 native plugins for Editor in 0.00 ms.
Initialize engine version: 2020.3.0f1 (c7b5465681fb)
[Subsystems] Discovering subsystems at path C:/Program Files/Unity/Hub/Editor/2020.3.0f1/Editor/Data/Resources/UnitySubsystems
[Subsystems] Discovering subsystems at path D:/unity/Catch_APlus/Assets
GfxDevice: creating device client; threaded=0
Direct3D:
    Version:  Direct3D 11.0 [level 11.1]
    Renderer: NVIDIA GeForce GTX 1060 3GB (ID=0x1c02)
    Vendor:   
    VRAM:     2988 MB
    Driver:   27.21.14.5751
Initialize mono
Mono path[0] = 'C:/Program Files/Unity/Hub/Editor/2020.3.0f1/Editor/Data/Managed'
Mono path[1] = 'C:/Program Files/Unity/Hub/Editor/2020.3.0f1/Editor/Data/MonoBleedingEdge/lib/mono/unityjit'
Mono config path = 'C:/Program Files/Unity/Hub/Editor/2020.3.0f1/Editor/Data/MonoBleedingEdge/etc'
Using monoOptions --debugger-agent=transport=dt_socket,embedding=1,server=y,suspend=n,address=127.0.0.1:56208
Begin MonoManager ReloadAssembly
Registering precompiled unity dll's ...
Register platform support module: C:/Program Files/Unity/Hub/Editor/2020.3.0f1/Editor/Data/PlaybackEngines/WindowsStandaloneSupport/UnityEditor.WindowsStandalone.Extensions.dll
Registered in 0.009186 seconds.
Native extension for WindowsStandalone target not found
Refreshing native plugins compatible for Editor in 36.10 ms, found 1 plugins.
Preloading 0 native plugins for Editor in 0.00 ms.
Invoked RoslynAnalysisRunner static constructor.
RoslynAnalysisRunner will not be running.
RoslynAnalysisRunner has terminated.
Mono: successfully reloaded assembly
- Completed reload, in  2.790 seconds
Platform modules already initialized, skipping
Registering precompiled user dll's ...
Registered in 0.001112 seconds.
Begin MonoManager ReloadAssembly
Native extension for WindowsStandalone target not found
Refreshing native plugins compatible for Editor in 35.25 ms, found 1 plugins.
Preloading 0 native plugins for Editor in 0.00 ms.
Invoked RoslynAnalysisRunner static constructor.
RoslynAnalysisRunner will not be running.
RoslynAnalysisRunner has terminated.
Mono: successfully reloaded assembly
- Completed reload, in  1.183 seconds
Platform modules already initialized, skipping
========================================================================
Worker process is ready to serve import requests
Launched and connected shader compiler UnityShaderCompiler.exe after 0.08 seconds
Refreshing native plugins compatible for Editor in 0.42 ms, found 1 plugins.
Preloading 0 native plugins for Editor in 0.00 ms.
Unloading 1807 Unused Serialized files (Serialized files now loaded: 0)
System memory in use before: 87.2 MB.
System memory in use after: 87.1 MB.

Unloading 24 unused Assets to reduce memory usage. Loaded Objects now: 2249.
Total: 2.217200 ms (FindLiveObjects: 0.252900 ms CreateObjectMapping: 0.043800 ms MarkObjects: 1.793100 ms  DeleteObjects: 0.126200 ms)

========================================================================
Received Import Request.
  path: Assets/img/a_plus.PNG
  artifactKey: Guid(2c0d19603ce21424c88d160c98e480ae) Importer(815301076,1909f56bfc062723c751e8b465ee728b)
Start importing Assets/img/a_plus.PNG using Guid(2c0d19603ce21424c88d160c98e480ae) Importer(815301076,1909f56bfc062723c751e8b465ee728b)  -> (artifact id: 'ea51496744f54b4c10a7123250c2bebb') in 0.326786 seconds
  Import took 0.332566 seconds .

========================================================================
Received Import Request.
  Time since last request: 29.675630 seconds.
  path: Assets/img/a_plus.PNG
  artifactKey: Guid(2c0d19603ce21424c88d160c98e480ae) Importer(815301076,1909f56bfc062723c751e8b465ee728b)
Start importing Assets/img/a_plus.PNG using Guid(2c0d19603ce21424c88d160c98e480ae) Importer(815301076,1909f56bfc062723c751e8b465ee728b)  -> (artifact id: '4defc6bd1d10dc8d3aa8c9bb2ef485e8') in 0.052794 seconds
  Import took 0.064869 seconds .

========================================================================
Received Import Request.
  Time since last request: 6.648313 seconds.
  path: Assets/img/f.PNG
  artifactKey: Guid(af990638e6ba3ce42bd4c37a557f5f9f) Importer(815301076,1909f56bfc062723c751e8b465ee728b)
Start importing Assets/img/f.PNG using Guid(af990638e6ba3ce42bd4c37a557f5f9f) Importer(815301076,1909f56bfc062723c751e8b465ee728b)  -> (artifact id: '25589da2058a114550c2167116cfca76') in 0.012329 seconds
  Import took 0.015759 seconds .

========================================================================
Received Import Request.
  Time since last request: 5.243202 seconds.
  path: Assets/img/f.PNG
  artifactKey: Guid(af990638e6ba3ce42bd4c37a557f5f9f) Importer(815301076,1909f56bfc062723c751e8b465ee728b)
Start importing Assets/img/f.PNG using Guid(af990638e6ba3ce42bd4c37a557f5f9f) Importer(815301076,1909f56bfc062723c751e8b465ee728b)  -> (artifact id: '9e386ca4f5295cf4d6865ba9cf826fad') in 0.006497 seconds
  Import took 0.019280 seconds .

========================================================================
Received Import Request.
  Time since last request: 6.422633 seconds.
  path: Assets/img/f.PNG
  artifactKey: Guid(af990638e6ba3ce42bd4c37a557f5f9f) Importer(815301076,1909f56bfc062723c751e8b465ee728b)
Start importing Assets/img/f.PNG using Guid(af990638e6ba3ce42bd4c37a557f5f9f) Importer(815301076,1909f56bfc062723c751e8b465ee728b)  -> (artifact id: '94b2a2756f7e5fcb65decf804ade339d') in 0.028317 seconds
  Import took 0.042062 seconds .

========================================================================
Received Import Request.
  Time since last request: 126.742404 seconds.
  path: ProjectSettings/TagManager.asset
  artifactKey: Guid(00000000000000003000000000000000) Importer(815301076,1909f56bfc062723c751e8b465ee728b)
Start importing ProjectSettings/TagManager.asset using Guid(00000000000000003000000000000000) Importer(815301076,1909f56bfc062723c751e8b465ee728b)  -> (artifact id: '779d5949113fa91bb85f64f090860d93') in 0.013581 seconds
  Import took 0.032610 seconds .

========================================================================
Received Import Request.
  Time since last request: 0.000553 seconds.
  path: ProjectSettings/TagManager.asset
  artifactKey: Guid(00000000000000003000000000000000) Importer(815301076,1909f56bfc062723c751e8b465ee728b)
Start importing ProjectSettings/TagManager.asset using Guid(00000000000000003000000000000000) Importer(815301076,1909f56bfc062723c751e8b465ee728b)  -> (artifact id: '779d5949113fa91bb85f64f090860d93') in 0.002532 seconds
  Import took 0.005469 seconds .

========================================================================
Received Prepare
Registering precompiled user dll's ...
Registered in 0.001156 seconds.
Begin MonoManager ReloadAssembly
Native extension for WindowsStandalone target not found
Refreshing native plugins compatible for Editor in 0.44 ms, found 1 plugins.
Preloading 0 native plugins for Editor in 0.00 ms.
Invoked RoslynAnalysisRunner static constructor.
RoslynAnalysisRunner will not be running.
RoslynAnalysisRunner has terminated.
Mono: successfully reloaded assembly
- Completed reload, in  1.122 seconds
Platform modules already initialized, skipping
Refreshing native plugins compatible for Editor in 0.54 ms, found 1 plugins.
Preloading 0 native plugins for Editor in 0.00 ms.
Unloading 1803 Unused Serialized files (Serialized files now loaded: 0)
System memory in use before: 90.3 MB.
System memory in use after: 90.3 MB.

Unloading 14 unused Assets to reduce memory usage. Loaded Objects now: 2263.
Total: 1.974300 ms (FindLiveObjects: 0.218900 ms CreateObjectMapping: 0.041600 ms MarkObjects: 1.598800 ms  DeleteObjects: 0.113700 ms)

========================================================================
Received Import Request.
  Time since last request: 50.852331 seconds.
  path: Assets/Scripts/ObjectController.cs
  artifactKey: Guid(a2a0791fd05f63f468373754a425bb2d) Importer(815301076,1909f56bfc062723c751e8b465ee728b)
Start importing Assets/Scripts/ObjectController.cs using Guid(a2a0791fd05f63f468373754a425bb2d) Importer(815301076,1909f56bfc062723c751e8b465ee728b)  -> (artifact id: 'cea4e8170fe3704759704422b393353a') in 0.014231 seconds
  Import took 0.027346 seconds .

========================================================================
Received Prepare
Registering precompiled user dll's ...
Registered in 0.001148 seconds.
Begin MonoManager ReloadAssembly
Native extension for WindowsStandalone target not found
Refreshing native plugins compatible for Editor in 0.62 ms, found 1 plugins.
Preloading 0 native plugins for Editor in 0.00 ms.
Invoked RoslynAnalysisRunner static constructor.
RoslynAnalysisRunner will not be running.
RoslynAnalysisRunner has terminated.
Mono: successfully reloaded assembly
- Completed reload, in  1.134 seconds
Platform modules already initialized, skipping
Refreshing native plugins compatible for Editor in 0.53 ms, found 1 plugins.
Preloading 0 native plugins for Editor in 0.00 ms.
Unloading 1803 Unused Serialized files (Serialized files now loaded: 0)
System memory in use before: 90.3 MB.
System memory in use after: 90.3 MB.

Unloading 12 unused Assets to reduce memory usage. Loaded Objects now: 2267.
Total: 2.426000 ms (FindLiveObjects: 0.247900 ms CreateObjectMapping: 0.043300 ms MarkObjects: 2.011600 ms  DeleteObjects: 0.121300 ms)

========================================================================
Received Prepare
Registering precompiled user dll's ...
Registered in 0.001298 seconds.
Begin MonoManager ReloadAssembly
Native extension for WindowsStandalone target not found
Refreshing native plugins compatible for Editor in 0.35 ms, found 1 plugins.
Preloading 0 native plugins for Editor in 0.00 ms.
Invoked RoslynAnalysisRunner static constructor.
RoslynAnalysisRunner will not be running.
RoslynAnalysisRunner has terminated.
Mono: successfully reloaded assembly
- Completed reload, in  1.079 seconds
Platform modules already initialized, skipping
Refreshing native plugins compatible for Editor in 0.36 ms, found 1 plugins.
Preloading 0 native plugins for Editor in 0.00 ms.
Unloading 1803 Unused Serialized files (Serialized files now loaded: 0)
System memory in use before: 90.3 MB.
System memory in use after: 90.3 MB.

Unloading 12 unused Assets to reduce memory usage. Loaded Objects now: 2271.
Total: 2.075200 ms (FindLiveObjects: 0.238200 ms CreateObjectMapping: 0.041900 ms MarkObjects: 1.676900 ms  DeleteObjects: 0.117000 ms)

========================================================================
Received Import Request.
  Time since last request: 114.737163 seconds.
  path: Assets/Scripts/ObjectController.cs
  artifactKey: Guid(a2a0791fd05f63f468373754a425bb2d) Importer(815301076,1909f56bfc062723c751e8b465ee728b)
Start importing Assets/Scripts/ObjectController.cs using Guid(a2a0791fd05f63f468373754a425bb2d) Importer(815301076,1909f56bfc062723c751e8b465ee728b)  -> (artifact id: '04becab26e20de4834139a6c0fb80bdd') in 0.004980 seconds
  Import took 0.020844 seconds .

========================================================================
Received Prepare
Registering precompiled user dll's ...
Registered in 0.001242 seconds.
Begin MonoManager ReloadAssembly
Native extension for WindowsStandalone target not found
Refreshing native plugins compatible for Editor in 0.36 ms, found 1 plugins.
Preloading 0 native plugins for Editor in 0.00 ms.
Invoked RoslynAnalysisRunner static constructor.
RoslynAnalysisRunner will not be running.
RoslynAnalysisRunner has terminated.
Mono: successfully reloaded assembly
- Completed reload, in  1.055 seconds
Platform modules already initialized, skipping
Refreshing native plugins compatible for Editor in 0.35 ms, found 1 plugins.
Preloading 0 native plugins for Editor in 0.00 ms.
Unloading 1803 Unused Serialized files (Serialized files now loaded: 0)
System memory in use before: 90.3 MB.
System memory in use after: 90.3 MB.

Unloading 12 unused Assets to reduce memory usage. Loaded Objects now: 2275.
Total: 1.995000 ms (FindLiveObjects: 0.214500 ms CreateObjectMapping: 0.041300 ms MarkObjects: 1.618100 ms  DeleteObjects: 0.120100 ms)

========================================================================
Received Import Request.
  Time since last request: 83.689033 seconds.
  path: Assets/Prefabs
  artifactKey: Guid(c1b051b3c84b97646a29a72aa9b4a4a7) Importer(815301076,1909f56bfc062723c751e8b465ee728b)
Start importing Assets/Prefabs using Guid(c1b051b3c84b97646a29a72aa9b4a4a7) Importer(815301076,1909f56bfc062723c751e8b465ee728b)  -> (artifact id: 'd6304f70f857c0571a02003982841001') in 0.005837 seconds
  Import took 0.029356 seconds .

========================================================================
Received Import Request.
  Time since last request: 11.907686 seconds.
  path: Assets/Prefabs/f.prefab
  artifactKey: Guid(bec7abab1f73ea944bd7db7389baf5d6) Importer(815301076,1909f56bfc062723c751e8b465ee728b)
Start importing Assets/Prefabs/f.prefab using Guid(bec7abab1f73ea944bd7db7389baf5d6) Importer(815301076,1909f56bfc062723c751e8b465ee728b) The Animator Controller (f_0) you have used is not valid. Animations will not play
UnityEngine.StackTraceUtility:ExtractStackTrace ()
UnityEditor.EditorUtility:Internal_InstantiateRemoveAllNonAnimationComponentsSingle (UnityEngine.Object,UnityEngine.Vector3,UnityEngine.Quaternion)
UnityEditor.EditorUtility:InstantiateRemoveAllNonAnimationComponents (UnityEngine.Object,UnityEngine.Vector3,UnityEngine.Quaternion)
UnityEditor.EditorUtility:InstantiateForAnimatorPreview (UnityEngine.Object)
UnityEditor.GameObjectInspector/PreviewData:UpdateGameObject (UnityEngine.Object)
UnityEditor.GameObjectInspector/PreviewData:.ctor (UnityEngine.Object)
UnityEditor.GameObjectInspector:GetPreviewData ()
UnityEditor.GameObjectInspector:RenderStaticPreview (string,UnityEngine.Object[],int,int)
UnityEditor.AssetPreviewUpdater:CreatePreviewForAsset (UnityEngine.Object,UnityEngine.Object[],string)

[C:\buildslave\unity\build\Modules/Animation/Director/AnimatorControllerPlayable.cpp line 332]

The Animator Controller (f_0) you have used is not valid. Animations will not play
UnityEngine.StackTraceUtility:ExtractStackTrace ()
UnityEditor.EditorUtility:InitInstantiatedPreviewRecursive (UnityEngine.GameObject)
UnityEditor.EditorUtility:InstantiateForAnimatorPreview (UnityEngine.Object)
UnityEditor.GameObjectInspector/PreviewData:UpdateGameObject (UnityEngine.Object)
UnityEditor.GameObjectInspector/PreviewData:.ctor (UnityEngine.Object)
UnityEditor.GameObjectInspector:GetPreviewData ()
UnityEditor.GameObjectInspector:RenderStaticPreview (string,UnityEngine.Object[],int,int)
UnityEditor.AssetPreviewUpdater:CreatePreviewForAsset (UnityEngine.Object,UnityEngine.Object[],string)

[C:\buildslave\unity\build\Modules/Animation/Director/AnimatorControllerPlayable.cpp line 332]

 -> (artifact id: '09540968303bf8cb1b57fc3f6b3b6190') in 0.064855 seconds
  Import took 0.080502 seconds .

========================================================================
Received Import Request.
  Time since last request: 2.931094 seconds.
  path: Assets/Prefabs/aplus.prefab
  artifactKey: Guid(38559f870ecac244195789c1f11f64e0) Importer(815301076,1909f56bfc062723c751e8b465ee728b)
Start importing Assets/Prefabs/aplus.prefab using Guid(38559f870ecac244195789c1f11f64e0) Importer(815301076,1909f56bfc062723c751e8b465ee728b) The Animator Controller (a_plus_0) you have used is not valid. Animations will not play
UnityEngine.StackTraceUtility:ExtractStackTrace ()
UnityEditor.EditorUtility:Internal_InstantiateRemoveAllNonAnimationComponentsSingle (UnityEngine.Object,UnityEngine.Vector3,UnityEngine.Quaternion)
UnityEditor.EditorUtility:InstantiateRemoveAllNonAnimationComponents (UnityEngine.Object,UnityEngine.Vector3,UnityEngine.Quaternion)
UnityEditor.EditorUtility:InstantiateForAnimatorPreview (UnityEngine.Object)
UnityEditor.GameObjectInspector/PreviewData:UpdateGameObject (UnityEngine.Object)
UnityEditor.GameObjectInspector/PreviewData:.ctor (UnityEngine.Object)
UnityEditor.GameObjectInspector:GetPreviewData ()
UnityEditor.GameObjectInspector:RenderStaticPreview (string,UnityEngine.Object[],int,int)
UnityEditor.AssetPreviewUpdater:CreatePreviewForAsset (UnityEngine.Object,UnityEngine.Object[],string)

[C:\buildslave\unity\build\Modules/Animation/Director/AnimatorControllerPlayable.cpp line 332]

The Animator Controller (a_plus_0) you have used is not valid. Animations will not play
UnityEngine.StackTraceUtility:ExtractStackTrace ()
UnityEditor.EditorUtility:InitInstantiatedPreviewRecursive (UnityEngine.GameObject)
UnityEditor.EditorUtility:InstantiateForAnimatorPreview (UnityEngine.Object)
UnityEditor.GameObjectInspector/PreviewData:UpdateGameObject (UnityEngine.Object)
UnityEditor.GameObjectInspector/PreviewData:.ctor (UnityEngine.Object)
UnityEditor.GameObjectInspector:GetPreviewData ()
UnityEditor.GameObjectInspector:RenderStaticPreview (string,UnityEngine.Object[],int,int)
UnityEditor.AssetPreviewUpdater:CreatePreviewForAsset (UnityEngine.Object,UnityEngine.Object[],string)

[C:\buildslave\unity\build\Modules/Animation/Director/AnimatorControllerPlayable.cpp line 332]

 -> (artifact id: 'edc2e70456447de8ef1e0965decb2981') in 0.012792 seconds
  Import took 0.016192 seconds .

========================================================================
Received Prepare
Registering precompiled user dll's ...
Registered in 0.001527 seconds.
Begin MonoManager ReloadAssembly
Native extension for WindowsStandalone target not found
Refreshing native plugins compatible for Editor in 0.36 ms, found 1 plugins.
Preloading 0 native plugins for Editor in 0.00 ms.
Invoked RoslynAnalysisRunner static constructor.
RoslynAnalysisRunner will not be running.
RoslynAnalysisRunner has terminated.
Mono: successfully reloaded assembly
- Completed reload, in  1.083 seconds
Platform modules already initialized, skipping
Refreshing native plugins compatible for Editor in 0.35 ms, found 1 plugins.
Preloading 0 native plugins for Editor in 0.00 ms.
Unloading 1804 Unused Serialized files (Serialized files now loaded: 0)
System memory in use before: 90.5 MB.
System memory in use after: 90.5 MB.

Unloading 12 unused Assets to reduce memory usage. Loaded Objects now: 2285.
Total: 2.208400 ms (FindLiveObjects: 0.225000 ms CreateObjectMapping: 0.047300 ms MarkObjects: 1.813600 ms  DeleteObjects: 0.121400 ms)

========================================================================
Received Import Request.
  Time since last request: 58.286874 seconds.
  path: Assets/Scripts/GameManager.cs
  artifactKey: Guid(1447a8ddd9b473f45b6fc46c07985109) Importer(815301076,1909f56bfc062723c751e8b465ee728b)
Start importing Assets/Scripts/GameManager.cs using Guid(1447a8ddd9b473f45b6fc46c07985109) Importer(815301076,1909f56bfc062723c751e8b465ee728b)  -> (artifact id: 'd9cef954c83267e6b7c846d60fac0daa') in 0.006358 seconds
  Import took 0.031939 seconds .

========================================================================
Received Prepare
Registering precompiled user dll's ...
Registered in 0.001141 seconds.
Begin MonoManager ReloadAssembly
Native extension for WindowsStandalone target not found
Refreshing native plugins compatible for Editor in 0.36 ms, found 1 plugins.
Preloading 0 native plugins for Editor in 0.00 ms.
Invoked RoslynAnalysisRunner static constructor.
RoslynAnalysisRunner will not be running.
RoslynAnalysisRunner has terminated.
Mono: successfully reloaded assembly
- Completed reload, in  1.070 seconds
Platform modules already initialized, skipping
Refreshing native plugins compatible for Editor in 0.36 ms, found 1 plugins.
Preloading 0 native plugins for Editor in 0.00 ms.
Unloading 1804 Unused Serialized files (Serialized files now loaded: 0)
System memory in use before: 90.6 MB.
System memory in use after: 90.5 MB.

Unloading 12 unused Assets to reduce memory usage. Loaded Objects now: 2289.
Total: 2.017000 ms (FindLiveObjects: 0.213100 ms CreateObjectMapping: 0.044200 ms MarkObjects: 1.643900 ms  DeleteObjects: 0.114700 ms)

========================================================================
Received Import Request.
  Time since last request: 5.144023 seconds.
  path: Assets/Scripts/GameManager1.cs
  artifactKey: Guid(9987a4b990dc5e445bdf1a223286c6dd) Importer(815301076,1909f56bfc062723c751e8b465ee728b)
Start importing Assets/Scripts/GameManager1.cs using Guid(9987a4b990dc5e445bdf1a223286c6dd) Importer(815301076,1909f56bfc062723c751e8b465ee728b)  -> (artifact id: 'eac6227e4ae838059522d91c84eeb0d9') in 0.006222 seconds
  Import took 0.009606 seconds .

========================================================================
Received Prepare
Registering precompiled user dll's ...
Registered in 0.001338 seconds.
Begin MonoManager ReloadAssembly
Native extension for WindowsStandalone target not found
Refreshing native plugins compatible for Editor in 0.36 ms, found 1 plugins.
Preloading 0 native plugins for Editor in 0.00 ms.
Invoked RoslynAnalysisRunner static constructor.
RoslynAnalysisRunner will not be running.
RoslynAnalysisRunner has terminated.
Mono: successfully reloaded assembly
- Completed reload, in  1.066 seconds
Platform modules already initialized, skipping
Refreshing native plugins compatible for Editor in 0.36 ms, found 1 plugins.
Preloading 0 native plugins for Editor in 0.00 ms.
Unloading 1804 Unused Serialized files (Serialized files now loaded: 0)
System memory in use before: 90.6 MB.
System memory in use after: 90.6 MB.

Unloading 12 unused Assets to reduce memory usage. Loaded Objects now: 2293.
Total: 2.052900 ms (FindLiveObjects: 0.263200 ms CreateObjectMapping: 0.041600 ms MarkObjects: 1.630900 ms  DeleteObjects: 0.116000 ms)

========================================================================
Received Prepare
Registering precompiled user dll's ...
Registered in 0.001755 seconds.
Begin MonoManager ReloadAssembly
Native extension for WindowsStandalone target not found
Refreshing native plugins compatible for Editor in 0.35 ms, found 1 plugins.
Preloading 0 native plugins for Editor in 0.00 ms.
Invoked RoslynAnalysisRunner static constructor.
RoslynAnalysisRunner will not be running.
RoslynAnalysisRunner has terminated.
Mono: successfully reloaded assembly
- Completed reload, in  1.081 seconds
Platform modules already initialized, skipping
Refreshing native plugins compatible for Editor in 0.36 ms, found 1 plugins.
Preloading 0 native plugins for Editor in 0.00 ms.
Unloading 1803 Unused Serialized files (Serialized files now loaded: 0)
System memory in use before: 90.6 MB.
System memory in use after: 90.5 MB.

Unloading 13 unused Assets to reduce memory usage. Loaded Objects now: 2296.
Total: 2.064700 ms (FindLiveObjects: 0.238200 ms CreateObjectMapping: 0.041500 ms MarkObjects: 1.662300 ms  DeleteObjects: 0.121100 ms)

========================================================================
Received Prepare
Registering precompiled user dll's ...
Registered in 0.001205 seconds.
Begin MonoManager ReloadAssembly
Native extension for WindowsStandalone target not found
Refreshing native plugins compatible for Editor in 0.39 ms, found 1 plugins.
Preloading 0 native plugins for Editor in 0.00 ms.
Invoked RoslynAnalysisRunner static constructor.
RoslynAnalysisRunner will not be running.
RoslynAnalysisRunner has terminated.
Mono: successfully reloaded assembly
- Completed reload, in  1.124 seconds
Platform modules already initialized, skipping
Refreshing native plugins compatible for Editor in 0.35 ms, found 1 plugins.
Preloading 0 native plugins for Editor in 0.00 ms.
Unloading 1804 Unused Serialized files (Serialized files now loaded: 0)
System memory in use before: 90.6 MB.
System memory in use after: 90.6 MB.

Unloading 12 unused Assets to reduce memory usage. Loaded Objects now: 2301.
Total: 2.554700 ms (FindLiveObjects: 0.283000 ms CreateObjectMapping: 0.049500 ms MarkObjects: 2.083800 ms  DeleteObjects: 0.137200 ms)

========================================================================
Received Import Request.
  Time since last request: 26.299093 seconds.
  path: Assets/Scripts/GameManager.cs
  artifactKey: Guid(a262c48836828d7439897328ff07527c) Importer(815301076,1909f56bfc062723c751e8b465ee728b)
Start importing Assets/Scripts/GameManager.cs using Guid(a262c48836828d7439897328ff07527c) Importer(815301076,1909f56bfc062723c751e8b465ee728b)  -> (artifact id: '151633486556748e51d916f4d3aead58') in 0.005272 seconds
  Import took 0.027751 seconds .

========================================================================
Received Prepare
Registering precompiled user dll's ...
Registered in 0.001673 seconds.
Begin MonoManager ReloadAssembly
Native extension for WindowsStandalone target not found
Refreshing native plugins compatible for Editor in 0.44 ms, found 1 plugins.
Preloading 0 native plugins for Editor in 0.00 ms.
Invoked RoslynAnalysisRunner static constructor.
RoslynAnalysisRunner will not be running.
RoslynAnalysisRunner has terminated.
Mono: successfully reloaded assembly
- Completed reload, in  1.089 seconds
Platform modules already initialized, skipping
Refreshing native plugins compatible for Editor in 0.41 ms, found 1 plugins.
Preloading 0 native plugins for Editor in 0.00 ms.
Unloading 1804 Unused Serialized files (Serialized files now loaded: 0)
System memory in use before: 90.6 MB.
System memory in use after: 90.6 MB.

Unloading 12 unused Assets to reduce memory usage. Loaded Objects now: 2305.
Total: 2.111800 ms (FindLiveObjects: 0.231200 ms CreateObjectMapping: 0.039300 ms MarkObjects: 1.724800 ms  DeleteObjects: 0.115700 ms)

========================================================================
Received Prepare
Registering precompiled user dll's ...
Registered in 0.001421 seconds.
Begin MonoManager ReloadAssembly
Native extension for WindowsStandalone target not found
Refreshing native plugins compatible for Editor in 0.40 ms, found 1 plugins.
Preloading 0 native plugins for Editor in 0.00 ms.
Invoked RoslynAnalysisRunner static constructor.
RoslynAnalysisRunner will not be running.
RoslynAnalysisRunner has terminated.
Mono: successfully reloaded assembly
- Completed reload, in  1.074 seconds
Platform modules already initialized, skipping
Refreshing native plugins compatible for Editor in 0.35 ms, found 1 plugins.
Preloading 0 native plugins for Editor in 0.00 ms.
Unloading 1804 Unused Serialized files (Serialized files now loaded: 0)
System memory in use before: 90.6 MB.
System memory in use after: 90.6 MB.

Unloading 12 unused Assets to reduce memory usage. Loaded Objects now: 2309.
Total: 2.233900 ms (FindLiveObjects: 0.304000 ms CreateObjectMapping: 0.042900 ms MarkObjects: 1.762600 ms  DeleteObjects: 0.122300 ms)

========================================================================
Received Import Request.
  Time since last request: 183.770960 seconds.
  path: Assets/Scripts/GameManager.cs
  artifactKey: Guid(a262c48836828d7439897328ff07527c) Importer(815301076,1909f56bfc062723c751e8b465ee728b)
Start importing Assets/Scripts/GameManager.cs using Guid(a262c48836828d7439897328ff07527c) Importer(815301076,1909f56bfc062723c751e8b465ee728b)  -> (artifact id: '44f68b2410b3594ff9e66a43e48a77ad') in 0.005135 seconds
  Import took 0.020348 seconds .

========================================================================
Received Import Request.
  Time since last request: 16.694685 seconds.
  path: Assets/Animation/a_plus_0.controller
  artifactKey: Guid(06f5bac69a4a0064a8032d5089341626) Importer(815301076,1909f56bfc062723c751e8b465ee728b)
Start importing Assets/Animation/a_plus_0.controller using Guid(06f5bac69a4a0064a8032d5089341626) Importer(815301076,1909f56bfc062723c751e8b465ee728b)  -> (artifact id: '5f6687463d687793cec6d5b49e9e413b') in 0.015018 seconds
  Import took 0.034545 seconds .

========================================================================
Received Prepare
Registering precompiled user dll's ...
Registered in 0.001190 seconds.
Begin MonoManager ReloadAssembly
Native extension for WindowsStandalone target not found
Refreshing native plugins compatible for Editor in 0.36 ms, found 1 plugins.
Preloading 0 native plugins for Editor in 0.00 ms.
Invoked RoslynAnalysisRunner static constructor.
RoslynAnalysisRunner will not be running.
RoslynAnalysisRunner has terminated.
Mono: successfully reloaded assembly
- Completed reload, in  1.041 seconds
Platform modules already initialized, skipping
Refreshing native plugins compatible for Editor in 0.46 ms, found 1 plugins.
Preloading 0 native plugins for Editor in 0.00 ms.
Unloading 1804 Unused Serialized files (Serialized files now loaded: 0)
System memory in use before: 90.6 MB.
System memory in use after: 90.6 MB.

Unloading 12 unused Assets to reduce memory usage. Loaded Objects now: 2313.
Total: 1.976900 ms (FindLiveObjects: 0.241800 ms CreateObjectMapping: 0.040500 ms MarkObjects: 1.579700 ms  DeleteObjects: 0.114100 ms)

========================================================================
Received Import Request.
  Time since last request: 36.133749 seconds.
  path: Assets/Scripts/PlayerController.cs
  artifactKey: Guid(5df09bd2677187849b747fabb4028bc1) Importer(815301076,1909f56bfc062723c751e8b465ee728b)
Start importing Assets/Scripts/PlayerController.cs using Guid(5df09bd2677187849b747fabb4028bc1) Importer(815301076,1909f56bfc062723c751e8b465ee728b)  -> (artifact id: '9c2496888afe8bf7500d827f3dcf555c') in 0.005531 seconds
  Import took 0.025718 seconds .

========================================================================
Received Import Request.
  Time since last request: 0.012202 seconds.
  path: Assets/Scripts/PlayerController.cs
  artifactKey: Guid(5df09bd2677187849b747fabb4028bc1) Importer(815301076,1909f56bfc062723c751e8b465ee728b)
Start importing Assets/Scripts/PlayerController.cs using Guid(5df09bd2677187849b747fabb4028bc1) Importer(815301076,1909f56bfc062723c751e8b465ee728b)  -> (artifact id: '9c2496888afe8bf7500d827f3dcf555c') in 0.002256 seconds
  Import took 0.005338 seconds .

========================================================================
Received Prepare
Registering precompiled user dll's ...
Registered in 0.001287 seconds.
Begin MonoManager ReloadAssembly
Native extension for WindowsStandalone target not found
Refreshing native plugins compatible for Editor in 0.38 ms, found 1 plugins.
Preloading 0 native plugins for Editor in 0.00 ms.
Invoked RoslynAnalysisRunner static constructor.
RoslynAnalysisRunner will not be running.
RoslynAnalysisRunner has terminated.
Mono: successfully reloaded assembly
- Completed reload, in  1.069 seconds
Platform modules already initialized, skipping
Refreshing native plugins compatible for Editor in 0.47 ms, found 1 plugins.
Preloading 0 native plugins for Editor in 0.00 ms.
Unloading 1804 Unused Serialized files (Serialized files now loaded: 0)
System memory in use before: 90.6 MB.
System memory in use after: 90.6 MB.

Unloading 12 unused Assets to reduce memory usage. Loaded Objects now: 2317.
Total: 2.819200 ms (FindLiveObjects: 0.369300 ms CreateObjectMapping: 0.052400 ms MarkObjects: 2.248600 ms  DeleteObjects: 0.146800 ms)

========================================================================
Received Import Request.
  Time since last request: 62.621472 seconds.
  path: Assets/Scripts/PlayerController.cs
  artifactKey: Guid(5df09bd2677187849b747fabb4028bc1) Importer(815301076,1909f56bfc062723c751e8b465ee728b)
Start importing Assets/Scripts/PlayerController.cs using Guid(5df09bd2677187849b747fabb4028bc1) Importer(815301076,1909f56bfc062723c751e8b465ee728b)  -> (artifact id: '36195f4726152942abf448786f4dc261') in 0.006549 seconds
  Import took 0.109248 seconds .

========================================================================
Received Import Request.
  Time since last request: 60.385676 seconds.
  path: Assets/package/CartoonFX_selection.unitypackage
  artifactKey: Guid(d17d3b96a2ee68b4c90a0411dab41848) Importer(815301076,1909f56bfc062723c751e8b465ee728b)
Start importing Assets/package/CartoonFX_selection.unitypackage using Guid(d17d3b96a2ee68b4c90a0411dab41848) Importer(815301076,1909f56bfc062723c751e8b465ee728b)  -> (artifact id: 'd6604e2b42db3e9074e201f995fc5c36') in 0.012969 seconds
  Import took 0.016085 seconds .

========================================================================
Received Prepare
Registering precompiled user dll's ...
Registered in 0.001847 seconds.
Begin MonoManager ReloadAssembly
Native extension for WindowsStandalone target not found
Refreshing native plugins compatible for Editor in 0.37 ms, found 1 plugins.
Preloading 0 native plugins for Editor in 0.00 ms.
Invoked RoslynAnalysisRunner static constructor.
RoslynAnalysisRunner will not be running.
RoslynAnalysisRunner has terminated.
Mono: successfully reloaded assembly
- Completed reload, in  1.092 seconds
Platform modules already initialized, skipping
Refreshing native plugins compatible for Editor in 0.36 ms, found 1 plugins.
Preloading 0 native plugins for Editor in 0.00 ms.
Unloading 1814 Unused Serialized files (Serialized files now loaded: 0)
System memory in use before: 91.6 MB.
System memory in use after: 91.6 MB.

Unloading 14 unused Assets to reduce memory usage. Loaded Objects now: 2331.
Total: 2.380700 ms (FindLiveObjects: 0.253900 ms CreateObjectMapping: 0.043800 ms MarkObjects: 1.946400 ms  DeleteObjects: 0.135400 ms)

========================================================================
Received Import Request.
  Time since last request: 78.302574 seconds.
  path: Assets/FX/CFXM2_PickupHeart3.prefab
  artifactKey: Guid(e116059325ae3e640a98f7a1b89d797b) Importer(815301076,1909f56bfc062723c751e8b465ee728b)
Start importing Assets/FX/CFXM2_PickupHeart3.prefab using Guid(e116059325ae3e640a98f7a1b89d797b) Importer(815301076,1909f56bfc062723c751e8b465ee728b)  -> (artifact id: 'ebe53e61ef70ec3d09265f15405bee9c') in 0.032918 seconds
  Import took 0.036319 seconds .

========================================================================
Received Import Request.
  Time since last request: 0.077145 seconds.
  path: Assets/FX/CFXM2_PickupHeart3.prefab
  artifactKey: Guid(e116059325ae3e640a98f7a1b89d797b) Importer(815301076,1909f56bfc062723c751e8b465ee728b)
Start importing Assets/FX/CFXM2_PickupHeart3.prefab using Guid(e116059325ae3e640a98f7a1b89d797b) Importer(815301076,1909f56bfc062723c751e8b465ee728b)  -> (artifact id: 'ebe53e61ef70ec3d09265f15405bee9c') in 0.005236 seconds
  Import took 0.008979 seconds .

========================================================================
Received Import Request.
  Time since last request: 0.032433 seconds.
  path: Assets/JMO Assets/Cartoon FX/Materials (Mobile)/Symbols/CFXM2_Heart Add.mat
  artifactKey: Guid(3d1defc87dc4a8f44b296e6aaedd9f73) Importer(815301076,1909f56bfc062723c751e8b465ee728b)
Start importing Assets/JMO Assets/Cartoon FX/Materials (Mobile)/Symbols/CFXM2_Heart Add.mat using Guid(3d1defc87dc4a8f44b296e6aaedd9f73) Importer(815301076,1909f56bfc062723c751e8b465ee728b)  -> (artifact id: 'b984fca3814d85d8fa96b07f8cc1bbdc') in 0.123664 seconds
  Import took 0.142043 seconds .

========================================================================
Received Import Request.
  Time since last request: 6.467401 seconds.
  path: Assets/FX/CFXM2_Rain.prefab
  artifactKey: Guid(97dd1ee9c4645c84d991d7366ce40ad6) Importer(815301076,1909f56bfc062723c751e8b465ee728b)
Start importing Assets/FX/CFXM2_Rain.prefab using Guid(97dd1ee9c4645c84d991d7366ce40ad6) Importer(815301076,1909f56bfc062723c751e8b465ee728b)  -> (artifact id: 'c22c5089614225a1bee15cc963879cda') in 0.005292 seconds
  Import took 0.044955 seconds .

========================================================================
Received Import Request.
  Time since last request: 0.000320 seconds.
  path: Assets/JMO Assets/Cartoon FX/Materials (Mobile)/Water/CFXM2_RainRipple.mat
  artifactKey: Guid(2dbfe9974ba76bd46bd7352e84ccabfa) Importer(815301076,1909f56bfc062723c751e8b465ee728b)
Start importing Assets/JMO Assets/Cartoon FX/Materials (Mobile)/Water/CFXM2_RainRipple.mat using Guid(2dbfe9974ba76bd46bd7352e84ccabfa) Importer(815301076,1909f56bfc062723c751e8b465ee728b)  -> (artifact id: 'dc7a2627e7291420ec958380bfc2c4fd') in 0.011053 seconds
  Import took 0.014710 seconds .

========================================================================
Received Import Request.
  Time since last request: 4.112574 seconds.
  path: Assets/JMO Assets/Cartoon FX/Materials (Mobile)/Stretched/CFXM2_Faded Ray.mat
  artifactKey: Guid(467f9ee47a594e04faca3951bf3c26b7) Importer(815301076,1909f56bfc062723c751e8b465ee728b)
Start importing Assets/JMO Assets/Cartoon FX/Materials (Mobile)/Stretched/CFXM2_Faded Ray.mat using Guid(467f9ee47a594e04faca3951bf3c26b7) Importer(815301076,1909f56bfc062723c751e8b465ee728b)  -> (artifact id: '41a6d81d2c90f881aee793dd70cc6537') in 0.011572 seconds
  Import took 0.014771 seconds .

========================================================================
Received Import Request.
  Time since last request: 0.008198 seconds.
  path: Assets/JMO Assets/Cartoon FX/Materials (Mobile)/Stretched/CFXM2_Faded Ray.mat
  artifactKey: Guid(467f9ee47a594e04faca3951bf3c26b7) Importer(815301076,1909f56bfc062723c751e8b465ee728b)
Start importing Assets/JMO Assets/Cartoon FX/Materials (Mobile)/Stretched/CFXM2_Faded Ray.mat using Guid(467f9ee47a594e04faca3951bf3c26b7) Importer(815301076,1909f56bfc062723c751e8b465ee728b)  -> (artifact id: '41a6d81d2c90f881aee793dd70cc6537') in 0.009526 seconds
  Import took 0.012903 seconds .

========================================================================
Received Import Request.
  Time since last request: 1.892063 seconds.
  path: Assets/JMO Assets/Cartoon FX/Materials (Mobile)/Symbols/CFXM2_GhostStretch Add.mat
  artifactKey: Guid(58b1de36f94bcc447a9240f48b2d9ff9) Importer(815301076,1909f56bfc062723c751e8b465ee728b)
Start importing Assets/JMO Assets/Cartoon FX/Materials (Mobile)/Symbols/CFXM2_GhostStretch Add.mat using Guid(58b1de36f94bcc447a9240f48b2d9ff9) Importer(815301076,1909f56bfc062723c751e8b465ee728b)  -> (artifact id: '8bf6a62680ea5f65f2810545c953cc5c') in 0.012094 seconds
  Import took 0.015400 seconds .

========================================================================
Received Import Request.
  Time since last request: 0.008740 seconds.
  path: Assets/JMO Assets/Cartoon FX/Materials (Mobile)/Symbols/CFXM2_GhostStretch Add.mat
  artifactKey: Guid(58b1de36f94bcc447a9240f48b2d9ff9) Importer(815301076,1909f56bfc062723c751e8b465ee728b)
Start importing Assets/JMO Assets/Cartoon FX/Materials (Mobile)/Symbols/CFXM2_GhostStretch Add.mat using Guid(58b1de36f94bcc447a9240f48b2d9ff9) Importer(815301076,1909f56bfc062723c751e8b465ee728b)  -> (artifact id: '8bf6a62680ea5f65f2810545c953cc5c') in 0.010594 seconds
  Import took 0.013770 seconds .

========================================================================
Received Prepare
Registering precompiled user dll's ...
Registered in 0.001829 seconds.
Begin MonoManager ReloadAssembly
Native extension for WindowsStandalone target not found
Refreshing native plugins compatible for Editor in 0.37 ms, found 1 plugins.
Preloading 0 native plugins for Editor in 0.00 ms.
Invoked RoslynAnalysisRunner static constructor.
RoslynAnalysisRunner will not be running.
RoslynAnalysisRunner has terminated.
Mono: successfully reloaded assembly
- Completed reload, in  1.065 seconds
Platform modules already initialized, skipping
Refreshing native plugins compatible for Editor in 0.37 ms, found 1 plugins.
Preloading 0 native plugins for Editor in 0.00 ms.
Unloading 1814 Unused Serialized files (Serialized files now loaded: 0)
System memory in use before: 91.8 MB.
System memory in use after: 91.8 MB.

Unloading 13 unused Assets to reduce memory usage. Loaded Objects now: 2370.
Total: 2.023000 ms (FindLiveObjects: 0.221500 ms CreateObjectMapping: 0.041200 ms MarkObjects: 1.639200 ms  DeleteObjects: 0.119800 ms)

========================================================================
Received Prepare
Registering precompiled user dll's ...
Registered in 0.001948 seconds.
Begin MonoManager ReloadAssembly
Native extension for WindowsStandalone target not found
Refreshing native plugins compatible for Editor in 0.38 ms, found 1 plugins.
Preloading 0 native plugins for Editor in 0.00 ms.
Invoked RoslynAnalysisRunner static constructor.
RoslynAnalysisRunner will not be running.
RoslynAnalysisRunner has terminated.
Mono: successfully reloaded assembly
- Completed reload, in  1.059 seconds
Platform modules already initialized, skipping
Refreshing native plugins compatible for Editor in 0.36 ms, found 1 plugins.
Preloading 0 native plugins for Editor in 0.00 ms.
Unloading 1813 Unused Serialized files (Serialized files now loaded: 0)
System memory in use before: 91.8 MB.
System memory in use after: 91.8 MB.

Unloading 13 unused Assets to reduce memory usage. Loaded Objects now: 2374.
Total: 2.396600 ms (FindLiveObjects: 0.385600 ms CreateObjectMapping: 0.048700 ms MarkObjects: 1.840200 ms  DeleteObjects: 0.120700 ms)

========================================================================
Received Import Request.
  Time since last request: 772.201405 seconds.
  path: Assets/FX/CFXM2_Soul.prefab
  artifactKey: Guid(5ac74cad95588014382f1ef58550cc90) Importer(815301076,1909f56bfc062723c751e8b465ee728b)
Start importing Assets/FX/CFXM2_Soul.prefab using Guid(5ac74cad95588014382f1ef58550cc90) Importer(815301076,1909f56bfc062723c751e8b465ee728b)  -> (artifact id: '745064299ff6bab3bb01898f75e58cf0') in 0.027822 seconds
  Import took 0.031907 seconds .

========================================================================
Received Import Request.
  Time since last request: 0.039113 seconds.
  path: Assets/FX/CFXM2_Soul.prefab
  artifactKey: Guid(5ac74cad95588014382f1ef58550cc90) Importer(815301076,1909f56bfc062723c751e8b465ee728b)
Start importing Assets/FX/CFXM2_Soul.prefab using Guid(5ac74cad95588014382f1ef58550cc90) Importer(815301076,1909f56bfc062723c751e8b465ee728b)  -> (artifact id: '745064299ff6bab3bb01898f75e58cf0') in 0.004979 seconds
  Import took 0.008285 seconds .

========================================================================
Received Import Request.
  Time since last request: 134.441463 seconds.
  path: Assets/sound/8BIT_RETRO_Beep_1_Sustained_mono.wav
  artifactKey: Guid(e870fe9a8aeb28644b18cd05936f8b0e) Importer(815301076,1909f56bfc062723c751e8b465ee728b)
Start importing Assets/sound/8BIT_RETRO_Beep_1_Sustained_mono.wav using Guid(e870fe9a8aeb28644b18cd05936f8b0e) Importer(815301076,1909f56bfc062723c751e8b465ee728b)  -> (artifact id: '9a4c00dda2f37a4d705735e7039d3d92') in 0.072333 seconds
  Import took 0.075494 seconds .

========================================================================
Received Import Request.
  Time since last request: 2.394734 seconds.
  path: Assets/sound/8BIT_RETRO_Powerup_Spawn_Bright_Repeating_Fading_mono.wav
  artifactKey: Guid(aa2fcda671854fb469933235a3cd5d75) Importer(815301076,1909f56bfc062723c751e8b465ee728b)
Start importing Assets/sound/8BIT_RETRO_Powerup_Spawn_Bright_Repeating_Fading_mono.wav using Guid(aa2fcda671854fb469933235a3cd5d75) Importer(815301076,1909f56bfc062723c751e8b465ee728b)  -> (artifact id: '7757a75fd016d6bac833d4a75beae2a0') in 0.010109 seconds
  Import took 0.013206 seconds .

========================================================================
Received Import Request.
  Time since last request: 0.008963 seconds.
  path: Assets/sound/8BIT_RETRO_Powerup_Spawn_Bright_Repeating_Fading_mono.wav
  artifactKey: Guid(aa2fcda671854fb469933235a3cd5d75) Importer(815301076,1909f56bfc062723c751e8b465ee728b)
Start importing Assets/sound/8BIT_RETRO_Powerup_Spawn_Bright_Repeating_Fading_mono.wav using Guid(aa2fcda671854fb469933235a3cd5d75) Importer(815301076,1909f56bfc062723c751e8b465ee728b)  -> (artifact id: '7757a75fd016d6bac833d4a75beae2a0') in 0.008076 seconds
  Import took 0.011678 seconds .

========================================================================
Received Import Request.
  Time since last request: 1.912683 seconds.
  path: Assets/sound/FOOTSTEP_Run_Trainers_Compact_Gravel_RR8_mono.wav
  artifactKey: Guid(ff45c7c9459a32c47a70222a81e6e9f6) Importer(815301076,1909f56bfc062723c751e8b465ee728b)
Start importing Assets/sound/FOOTSTEP_Run_Trainers_Compact_Gravel_RR8_mono.wav using Guid(ff45c7c9459a32c47a70222a81e6e9f6) Importer(815301076,1909f56bfc062723c751e8b465ee728b)  -> (artifact id: '6da634397ae4b1a994cdcdbace546231') in 0.007763 seconds
  Import took 0.010776 seconds .

========================================================================
Received Import Request.
  Time since last request: 0.010152 seconds.
  path: Assets/sound/FOOTSTEP_Run_Trainers_Compact_Gravel_RR8_mono.wav
  artifactKey: Guid(ff45c7c9459a32c47a70222a81e6e9f6) Importer(815301076,1909f56bfc062723c751e8b465ee728b)
Start importing Assets/sound/FOOTSTEP_Run_Trainers_Compact_Gravel_RR8_mono.wav using Guid(ff45c7c9459a32c47a70222a81e6e9f6) Importer(815301076,1909f56bfc062723c751e8b465ee728b)  -> (artifact id: '6da634397ae4b1a994cdcdbace546231') in 0.009129 seconds
  Import took 0.012250 seconds .

========================================================================
Received Prepare
Registering precompiled user dll's ...
Registered in 0.001856 seconds.
Begin MonoManager ReloadAssembly
Native extension for WindowsStandalone target not found
Refreshing native plugins compatible for Editor in 0.37 ms, found 1 plugins.
Preloading 0 native plugins for Editor in 0.00 ms.
Invoked RoslynAnalysisRunner static constructor.
RoslynAnalysisRunner will not be running.
RoslynAnalysisRunner has terminated.
Mono: successfully reloaded assembly
- Completed reload, in  1.060 seconds
Platform modules already initialized, skipping
Refreshing native plugins compatible for Editor in 0.36 ms, found 1 plugins.
Preloading 0 native plugins for Editor in 0.00 ms.
Unloading 1813 Unused Serialized files (Serialized files now loaded: 0)
System memory in use before: 91.9 MB.
System memory in use after: 91.9 MB.

Unloading 13 unused Assets to reduce memory usage. Loaded Objects now: 2381.
Total: 1.974200 ms (FindLiveObjects: 0.222400 ms CreateObjectMapping: 0.042100 ms MarkObjects: 1.602600 ms  DeleteObjects: 0.106300 ms)

========================================================================
Received Import Request.
  Time since last request: 13.667325 seconds.
  path: Assets/Animation/player_idle_0.controller
  artifactKey: Guid(3a0261e60bf56c4489a18cf2ebcb8f94) Importer(815301076,1909f56bfc062723c751e8b465ee728b)
Start importing Assets/Animation/player_idle_0.controller using Guid(3a0261e60bf56c4489a18cf2ebcb8f94) Importer(815301076,1909f56bfc062723c751e8b465ee728b)  -> (artifact id: 'd745de2ef0c4f688608e3cb36a8fdc28') in 0.014277 seconds
  Import took 0.017514 seconds .

========================================================================
Received Prepare
Registering precompiled user dll's ...
Registered in 0.001727 seconds.
Begin MonoManager ReloadAssembly
Native extension for WindowsStandalone target not found
Refreshing native plugins compatible for Editor in 0.38 ms, found 1 plugins.
Preloading 0 native plugins for Editor in 0.00 ms.
Invoked RoslynAnalysisRunner static constructor.
RoslynAnalysisRunner will not be running.
RoslynAnalysisRunner has terminated.
Mono: successfully reloaded assembly
- Completed reload, in  1.055 seconds
Platform modules already initialized, skipping
Refreshing native plugins compatible for Editor in 0.36 ms, found 1 plugins.
Preloading 0 native plugins for Editor in 0.00 ms.
Unloading 1813 Unused Serialized files (Serialized files now loaded: 0)
System memory in use before: 91.9 MB.
System memory in use after: 91.9 MB.

Unloading 13 unused Assets to reduce memory usage. Loaded Objects now: 2385.
Total: 2.016700 ms (FindLiveObjects: 0.221800 ms CreateObjectMapping: 0.040900 ms MarkObjects: 1.629000 ms  DeleteObjects: 0.124000 ms)

========================================================================
Received Import Request.
  Time since last request: 792.789893 seconds.
  path: Assets/sound/8BIT_RETRO_Movement_Effect_Bright_loop_mono.wav
  artifactKey: Guid(67b26d1132e3d744082b2a285cdce236) Importer(815301076,1909f56bfc062723c751e8b465ee728b)
Start importing Assets/sound/8BIT_RETRO_Movement_Effect_Bright_loop_mono.wav using Guid(67b26d1132e3d744082b2a285cdce236) Importer(815301076,1909f56bfc062723c751e8b465ee728b)  -> (artifact id: '2397a23278bed6a0d60b36217056c6ad') in 0.043433 seconds
  Import took 0.046841 seconds .

========================================================================
Received Import Request.
  Time since last request: 0.001726 seconds.
  path: Assets/sound/8BIT_RETRO_Movement_Effect_Bright_loop_mono.wav
  artifactKey: Guid(67b26d1132e3d744082b2a285cdce236) Importer(815301076,1909f56bfc062723c751e8b465ee728b)
Start importing Assets/sound/8BIT_RETRO_Movement_Effect_Bright_loop_mono.wav using Guid(67b26d1132e3d744082b2a285cdce236) Importer(815301076,1909f56bfc062723c751e8b465ee728b)  -> (artifact id: '2397a23278bed6a0d60b36217056c6ad') in 0.007985 seconds
  Import took 0.011117 seconds .

========================================================================
Received Import Request.
  Time since last request: 2.349268 seconds.
  path: Assets/sound/8BIT_RETRO_Beep_1_Sustained_mono.wav
  artifactKey: Guid(e870fe9a8aeb28644b18cd05936f8b0e) Importer(815301076,1909f56bfc062723c751e8b465ee728b)
Start importing Assets/sound/8BIT_RETRO_Beep_1_Sustained_mono.wav using Guid(e870fe9a8aeb28644b18cd05936f8b0e) Importer(815301076,1909f56bfc062723c751e8b465ee728b)  -> (artifact id: '0ddae1f209823f054ed98c0fd2dec27e') in 0.007533 seconds
  Import took 0.010497 seconds .

========================================================================
Received Import Request.
  Time since last request: 0.009243 seconds.
  path: Assets/sound/8BIT_RETRO_Beep_1_Sustained_mono.wav
  artifactKey: Guid(e870fe9a8aeb28644b18cd05936f8b0e) Importer(815301076,1909f56bfc062723c751e8b465ee728b)
Start importing Assets/sound/8BIT_RETRO_Beep_1_Sustained_mono.wav using Guid(e870fe9a8aeb28644b18cd05936f8b0e) Importer(815301076,1909f56bfc062723c751e8b465ee728b)  -> (artifact id: '0ddae1f209823f054ed98c0fd2dec27e') in 0.008302 seconds
  Import took 0.011370 seconds .

========================================================================
Received Prepare
Registering precompiled user dll's ...
Registered in 0.001997 seconds.
Begin MonoManager ReloadAssembly
Native extension for WindowsStandalone target not found
Refreshing native plugins compatible for Editor in 0.41 ms, found 1 plugins.
Preloading 0 native plugins for Editor in 0.00 ms.
Invoked RoslynAnalysisRunner static constructor.
RoslynAnalysisRunner will not be running.
RoslynAnalysisRunner has terminated.
Mono: successfully reloaded assembly
- Completed reload, in  1.051 seconds
Platform modules already initialized, skipping
Refreshing native plugins compatible for Editor in 0.37 ms, found 1 plugins.
Preloading 0 native plugins for Editor in 0.00 ms.
Unloading 1813 Unused Serialized files (Serialized files now loaded: 0)
System memory in use before: 91.9 MB.
System memory in use after: 91.9 MB.

Unloading 13 unused Assets to reduce memory usage. Loaded Objects now: 2390.
Total: 2.088500 ms (FindLiveObjects: 0.258500 ms CreateObjectMapping: 0.044700 ms MarkObjects: 1.654800 ms  DeleteObjects: 0.129600 ms)

========================================================================
Received Prepare
Registering precompiled user dll's ...
Registered in 0.001734 seconds.
Begin MonoManager ReloadAssembly
Native extension for WindowsStandalone target not found
Refreshing native plugins compatible for Editor in 0.37 ms, found 1 plugins.
Preloading 0 native plugins for Editor in 0.00 ms.
Invoked RoslynAnalysisRunner static constructor.
RoslynAnalysisRunner will not be running.
RoslynAnalysisRunner has terminated.
Mono: successfully reloaded assembly
- Completed reload, in  1.088 seconds
Platform modules already initialized, skipping
Refreshing native plugins compatible for Editor in 0.39 ms, found 1 plugins.
Preloading 0 native plugins for Editor in 0.00 ms.
Unloading 1813 Unused Serialized files (Serialized files now loaded: 0)
System memory in use before: 91.9 MB.
System memory in use after: 91.9 MB.

Unloading 13 unused Assets to reduce memory usage. Loaded Objects now: 2394.
Total: 2.221300 ms (FindLiveObjects: 0.238700 ms CreateObjectMapping: 0.044200 ms MarkObjects: 1.796300 ms  DeleteObjects: 0.141200 ms)

========================================================================
Received Prepare
Registering precompiled user dll's ...
Registered in 0.002029 seconds.
Begin MonoManager ReloadAssembly
Native extension for WindowsStandalone target not found
Refreshing native plugins compatible for Editor in 0.38 ms, found 1 plugins.
Preloading 0 native plugins for Editor in 0.00 ms.
Invoked RoslynAnalysisRunner static constructor.
RoslynAnalysisRunner will not be running.
RoslynAnalysisRunner has terminated.
Mono: successfully reloaded assembly
- Completed reload, in  1.048 seconds
Platform modules already initialized, skipping
Refreshing native plugins compatible for Editor in 0.37 ms, found 1 plugins.
Preloading 0 native plugins for Editor in 0.00 ms.
Unloading 1813 Unused Serialized files (Serialized files now loaded: 0)
System memory in use before: 91.9 MB.
System memory in use after: 91.9 MB.

Unloading 13 unused Assets to reduce memory usage. Loaded Objects now: 2398.
Total: 2.380200 ms (FindLiveObjects: 0.304900 ms CreateObjectMapping: 0.043200 ms MarkObjects: 1.904600 ms  DeleteObjects: 0.126200 ms)

========================================================================
Received Prepare
Registering precompiled user dll's ...
Registered in 0.001769 seconds.
Begin MonoManager ReloadAssembly
Native extension for WindowsStandalone target not found
Refreshing native plugins compatible for Editor in 0.37 ms, found 1 plugins.
Preloading 0 native plugins for Editor in 0.00 ms.
Invoked RoslynAnalysisRunner static constructor.
RoslynAnalysisRunner will not be running.
RoslynAnalysisRunner has terminated.
Mono: successfully reloaded assembly
- Completed reload, in  1.081 seconds
Platform modules already initialized, skipping
Refreshing native plugins compatible for Editor in 0.50 ms, found 1 plugins.
Preloading 0 native plugins for Editor in 0.00 ms.
Unloading 1813 Unused Serialized files (Serialized files now loaded: 0)
System memory in use before: 91.9 MB.
System memory in use after: 91.9 MB.

Unloading 13 unused Assets to reduce memory usage. Loaded Objects now: 2402.
Total: 2.283700 ms (FindLiveObjects: 0.277700 ms CreateObjectMapping: 0.043700 ms MarkObjects: 1.827700 ms  DeleteObjects: 0.133600 ms)

========================================================================
Received Prepare
Registering precompiled user dll's ...
Registered in 0.001676 seconds.
Begin MonoManager ReloadAssembly
Native extension for WindowsStandalone target not found
Refreshing native plugins compatible for Editor in 0.40 ms, found 1 plugins.
Preloading 0 native plugins for Editor in 0.00 ms.
Invoked RoslynAnalysisRunner static constructor.
RoslynAnalysisRunner will not be running.
RoslynAnalysisRunner has terminated.
Mono: successfully reloaded assembly
- Completed reload, in  1.085 seconds
Platform modules already initialized, skipping
Refreshing native plugins compatible for Editor in 0.37 ms, found 1 plugins.
Preloading 0 native plugins for Editor in 0.00 ms.
Unloading 1813 Unused Serialized files (Serialized files now loaded: 0)
System memory in use before: 91.9 MB.
System memory in use after: 91.9 MB.

Unloading 13 unused Assets to reduce memory usage. Loaded Objects now: 2406.
Total: 2.184400 ms (FindLiveObjects: 0.234500 ms CreateObjectMapping: 0.041700 ms MarkObjects: 1.781600 ms  DeleteObjects: 0.125600 ms)

========================================================================
Received Prepare
Registering precompiled user dll's ...
Registered in 0.001594 seconds.
Begin MonoManager ReloadAssembly
Native extension for WindowsStandalone target not found
Refreshing native plugins compatible for Editor in 0.56 ms, found 1 plugins.
Preloading 0 native plugins for Editor in 0.00 ms.
Invoked RoslynAnalysisRunner static constructor.
RoslynAnalysisRunner will not be running.
RoslynAnalysisRunner has terminated.
Mono: successfully reloaded assembly
- Completed reload, in  1.098 seconds
Platform modules already initialized, skipping
Refreshing native plugins compatible for Editor in 0.43 ms, found 1 plugins.
Preloading 0 native plugins for Editor in 0.00 ms.
Unloading 1813 Unused Serialized files (Serialized files now loaded: 0)
System memory in use before: 91.9 MB.
System memory in use after: 91.9 MB.

Unloading 13 unused Assets to reduce memory usage. Loaded Objects now: 2410.
Total: 2.117800 ms (FindLiveObjects: 0.260900 ms CreateObjectMapping: 0.047600 ms MarkObjects: 1.684000 ms  DeleteObjects: 0.124100 ms)

========================================================================
Received Prepare
Registering precompiled user dll's ...
Registered in 0.001884 seconds.
Begin MonoManager ReloadAssembly
Native extension for WindowsStandalone target not found
Refreshing native plugins compatible for Editor in 0.40 ms, found 1 plugins.
Preloading 0 native plugins for Editor in 0.00 ms.
Invoked RoslynAnalysisRunner static constructor.
RoslynAnalysisRunner will not be running.
RoslynAnalysisRunner has terminated.
Mono: successfully reloaded assembly
- Completed reload, in  1.061 seconds
Platform modules already initialized, skipping
Refreshing native plugins compatible for Editor in 0.37 ms, found 1 plugins.
Preloading 0 native plugins for Editor in 0.00 ms.
Unloading 1813 Unused Serialized files (Serialized files now loaded: 0)
System memory in use before: 91.9 MB.
System memory in use after: 91.9 MB.

Unloading 13 unused Assets to reduce memory usage. Loaded Objects now: 2414.
Total: 2.002600 ms (FindLiveObjects: 0.227500 ms CreateObjectMapping: 0.041000 ms MarkObjects: 1.615400 ms  DeleteObjects: 0.117500 ms)

========================================================================
Received Import Request.
  Time since last request: 1465.977471 seconds.
  path: Assets/img/hp_bar.png
  artifactKey: Guid(8b7391e882966144d95066472c55ff31) Importer(815301076,1909f56bfc062723c751e8b465ee728b)
Start importing Assets/img/hp_bar.png using Guid(8b7391e882966144d95066472c55ff31) Importer(815301076,1909f56bfc062723c751e8b465ee728b)  -> (artifact id: '52a3cc5716e17d7d81889b7c0980c94a') in 0.056649 seconds
  Import took 0.059847 seconds .

========================================================================
Received Import Request.
  Time since last request: 0.550500 seconds.
  path: Assets/img/hp_bg.png
  artifactKey: Guid(1617d73e30809ac4984b724649ef8f48) Importer(815301076,1909f56bfc062723c751e8b465ee728b)
Start importing Assets/img/hp_bg.png using Guid(1617d73e30809ac4984b724649ef8f48) Importer(815301076,1909f56bfc062723c751e8b465ee728b)  -> (artifact id: '3f0aeb863bc5efec31ede3b5c7afcd4c') in 0.008529 seconds
  Import took 0.011615 seconds .

========================================================================
Received Import Request.
  Time since last request: 319.990760 seconds.
  path: Assets/img/hp_bg.png
  artifactKey: Guid(1617d73e30809ac4984b724649ef8f48) Importer(815301076,1909f56bfc062723c751e8b465ee728b)
Start importing Assets/img/hp_bg.png using Guid(1617d73e30809ac4984b724649ef8f48) Importer(815301076,1909f56bfc062723c751e8b465ee728b)  -> (artifact id: '9469015ef36544470b3de9de63552018') in 0.008188 seconds
  Import took 0.011336 seconds .

========================================================================
Received Import Request.
  Time since last request: 7.009142 seconds.
  path: Assets/img/hp_bg.png
  artifactKey: Guid(1617d73e30809ac4984b724649ef8f48) Importer(815301076,1909f56bfc062723c751e8b465ee728b)
Start importing Assets/img/hp_bg.png using Guid(1617d73e30809ac4984b724649ef8f48) Importer(815301076,1909f56bfc062723c751e8b465ee728b)  -> (artifact id: 'd7cd8f1780805246867a5bf0784e7648') in 0.008167 seconds
  Import took 0.011129 seconds .

========================================================================
Received Prepare
Registering precompiled user dll's ...
Registered in 0.001734 seconds.
Begin MonoManager ReloadAssembly
Native extension for WindowsStandalone target not found
Refreshing native plugins compatible for Editor in 0.39 ms, found 1 plugins.
Preloading 0 native plugins for Editor in 0.00 ms.
Invoked RoslynAnalysisRunner static constructor.
RoslynAnalysisRunner will not be running.
RoslynAnalysisRunner has terminated.
Mono: successfully reloaded assembly
- Completed reload, in  1.114 seconds
Platform modules already initialized, skipping
Refreshing native plugins compatible for Editor in 0.39 ms, found 1 plugins.
Preloading 0 native plugins for Editor in 0.00 ms.
Unloading 1813 Unused Serialized files (Serialized files now loaded: 0)
System memory in use before: 92.0 MB.
System memory in use after: 92.0 MB.

Unloading 13 unused Assets to reduce memory usage. Loaded Objects now: 2423.
Total: 2.192900 ms (FindLiveObjects: 0.265800 ms CreateObjectMapping: 0.046900 ms MarkObjects: 1.752100 ms  DeleteObjects: 0.127200 ms)

========================================================================
Received Prepare
Registering precompiled user dll's ...
Registered in 0.001610 seconds.
Begin MonoManager ReloadAssembly
Native extension for WindowsStandalone target not found
Refreshing native plugins compatible for Editor in 0.54 ms, found 1 plugins.
Preloading 0 native plugins for Editor in 0.00 ms.
Invoked RoslynAnalysisRunner static constructor.
RoslynAnalysisRunner will not be running.
RoslynAnalysisRunner has terminated.
Mono: successfully reloaded assembly
- Completed reload, in  1.040 seconds
Platform modules already initialized, skipping
Refreshing native plugins compatible for Editor in 0.37 ms, found 1 plugins.
Preloading 0 native plugins for Editor in 0.00 ms.
Unloading 1813 Unused Serialized files (Serialized files now loaded: 0)
System memory in use before: 92.0 MB.
System memory in use after: 92.0 MB.

Unloading 13 unused Assets to reduce memory usage. Loaded Objects now: 2427.
Total: 2.064400 ms (FindLiveObjects: 0.221900 ms CreateObjectMapping: 0.042200 ms MarkObjects: 1.672800 ms  DeleteObjects: 0.126400 ms)

========================================================================
Received Prepare
Registering precompiled user dll's ...
Registered in 0.001648 seconds.
Begin MonoManager ReloadAssembly
Native extension for WindowsStandalone target not found
Refreshing native plugins compatible for Editor in 0.38 ms, found 1 plugins.
Preloading 0 native plugins for Editor in 0.00 ms.
Invoked RoslynAnalysisRunner static constructor.
RoslynAnalysisRunner will not be running.
RoslynAnalysisRunner has terminated.
Mono: successfully reloaded assembly
- Completed reload, in  1.039 seconds
Platform modules already initialized, skipping
Refreshing native plugins compatible for Editor in 0.37 ms, found 1 plugins.
Preloading 0 native plugins for Editor in 0.00 ms.
Unloading 1813 Unused Serialized files (Serialized files now loaded: 0)
System memory in use before: 92.0 MB.
System memory in use after: 92.0 MB.

Unloading 13 unused Assets to reduce memory usage. Loaded Objects now: 2431.
Total: 2.329000 ms (FindLiveObjects: 0.265700 ms CreateObjectMapping: 0.047000 ms MarkObjects: 1.877500 ms  DeleteObjects: 0.137700 ms)

========================================================================
Received Prepare
Registering precompiled user dll's ...
Registered in 0.001726 seconds.
Begin MonoManager ReloadAssembly
Native extension for WindowsStandalone target not found
Refreshing native plugins compatible for Editor in 0.37 ms, found 1 plugins.
Preloading 0 native plugins for Editor in 0.00 ms.
Invoked RoslynAnalysisRunner static constructor.
RoslynAnalysisRunner will not be running.
RoslynAnalysisRunner has terminated.
Mono: successfully reloaded assembly
- Completed reload, in  1.033 seconds
Platform modules already initialized, skipping
Refreshing native plugins compatible for Editor in 0.40 ms, found 1 plugins.
Preloading 0 native plugins for Editor in 0.00 ms.
Unloading 1813 Unused Serialized files (Serialized files now loaded: 0)
System memory in use before: 92.0 MB.
System memory in use after: 92.0 MB.

Unloading 13 unused Assets to reduce memory usage. Loaded Objects now: 2435.
Total: 2.171500 ms (FindLiveObjects: 0.318000 ms CreateObjectMapping: 0.041700 ms MarkObjects: 1.693200 ms  DeleteObjects: 0.117300 ms)

========================================================================
Received Prepare
Registering precompiled user dll's ...
Registered in 0.001860 seconds.
Begin MonoManager ReloadAssembly
Native extension for WindowsStandalone target not found
Refreshing native plugins compatible for Editor in 0.39 ms, found 1 plugins.
Preloading 0 native plugins for Editor in 0.00 ms.
Invoked RoslynAnalysisRunner static constructor.
RoslynAnalysisRunner will not be running.
RoslynAnalysisRunner has terminated.
Mono: successfully reloaded assembly
- Completed reload, in  1.048 seconds
Platform modules already initialized, skipping
Refreshing native plugins compatible for Editor in 0.37 ms, found 1 plugins.
Preloading 0 native plugins for Editor in 0.00 ms.
Unloading 1813 Unused Serialized files (Serialized files now loaded: 0)
System memory in use before: 92.0 MB.
System memory in use after: 92.0 MB.

Unloading 13 unused Assets to reduce memory usage. Loaded Objects now: 2439.
Total: 2.735900 ms (FindLiveObjects: 0.363500 ms CreateObjectMapping: 0.048600 ms MarkObjects: 2.181100 ms  DeleteObjects: 0.141000 ms)

========================================================================
Received Prepare
Registering precompiled user dll's ...
Registered in 0.001704 seconds.
Begin MonoManager ReloadAssembly
Native extension for WindowsStandalone target not found
Refreshing native plugins compatible for Editor in 0.37 ms, found 1 plugins.
Preloading 0 native plugins for Editor in 0.00 ms.
Invoked RoslynAnalysisRunner static constructor.
RoslynAnalysisRunner will not be running.
RoslynAnalysisRunner has terminated.
Mono: successfully reloaded assembly
- Completed reload, in  1.050 seconds
Platform modules already initialized, skipping
Refreshing native plugins compatible for Editor in 0.37 ms, found 1 plugins.
Preloading 0 native plugins for Editor in 0.00 ms.
Unloading 1813 Unused Serialized files (Serialized files now loaded: 0)
System memory in use before: 92.0 MB.
System memory in use after: 92.0 MB.

Unloading 13 unused Assets to reduce memory usage. Loaded Objects now: 2443.
Total: 2.005500 ms (FindLiveObjects: 0.218500 ms CreateObjectMapping: 0.040600 ms MarkObjects: 1.622300 ms  DeleteObjects: 0.123200 ms)

AssetImportWorkerClient::OnTransportError - code=2 error=End of file
